#
# A fatal error has been detected by the Java Runtime Environment:
#
#  Internal Error (jvmciRuntime.cpp:1609), pid=51, tid=113
#  fatal error: Fatal exception in JVMCI: Error calling jdk.vm.ci.services.Services.serializeSavedProperties
#
# JRE version: OpenJDK Runtime Environment GraalVM CE 22.3.0 (17.0.5+8) (build 17.0.5+8-jvmci-22.3-b08)
# Java VM: OpenJDK 64-Bit Server VM GraalVM CE 22.3.0 (17.0.5+8-jvmci-22.3-b08, mixed mode, sharing, tiered, jvmci, jvmci compiler, compressed oops, compressed class ptrs, parallel gc, linux-amd64)
# Problematic frame:
# V  [libjvm.so+0x972714]  JVMCIRuntime::fatal_exception(JVMCIEnv*, char const*)+0x74
#
# Core dump will be written. Default location: Core dumps may be processed with "/usr/share/apport/apport -p%p -s%s -c%c -d%d -P%P -u%u -g%g -- %E" (or dumping to /home/runner/CSC330-Final-Project-DnD/core.51)
#
# If you would like to submit a bug report, please visit:
#   https://github.com/oracle/graal/issues
#

---------------  S U M M A R Y ------------

Command Line: -XX:ThreadPriorityPolicy=1 -XX:+UnlockExperimentalVMOptions -XX:+EnableJVMCIProduct -XX:JVMCIThreadsPerNativeLibraryRuntime=1 -XX:-UnlockExperimentalVMOptions -Declipse.application=org.eclipse.jdt.ls.core.id1 -Dosgi.bundles.defaultStartLevel=4 -Declipse.product=org.eclipse.jdt.ls.core.product -Dlog.level=ALL -Xverify:none -XX:+UseParallelGC -XX:GCTimeRatio=4 -XX:AdaptiveSizePolicyWeight=90 -Dsun.zip.disableMemoryMapping=true -Xmx512m -Xms100m /nix/store/q9712qvwdh22a4krw4jz2sjrz07mvjbl-jdt-language-server-1.9.0/share/java/plugins/org.eclipse.equinox.launcher_1.6.400.v20210924-0641.jar --add-modules=ALL-SYSTEM --add-opens java.base/java.util=ALL-UNNAMED --add-opens java.base/java.lang=ALL-UNNAMED -configuration /home/runner/CSC330-Final-Project-DnD/.cache/jdt-language-server/config -data /home/runner/.cache/jdt-language-server/data/home/runner/CSC330-Final-Project-DnD

Host: AMD EPYC 7B12, 8 cores, 1G, Ubuntu 20.04.2 LTS
Time: Thu May  9 05:52:28 2024 UTC elapsed time: 905.095196 seconds (0d 0h 15m 5s)

---------------  T H R E A D  ---------------

Current thread (0x00007b890c0b1ad0):  JavaThread "JVMCI-native CompilerThread0" daemon [_thread_in_vm, id=113, stack(0x00007b88f151a000,0x00007b88f171a000)]


Current CompileTask:
JVMCI-native: 905095 8015       4       java.util.HashMap::hash (20 bytes)

Stack: [0x00007b88f151a000,0x00007b88f171a000],  sp=0x00007b88f1718380,  free space=2040k
Native frames: (J=compiled Java code, j=interpreted, Vv=VM code, C=native code)
V  [libjvm.so+0x972714]  JVMCIRuntime::fatal_exception(JVMCIEnv*, char const*)+0x74
V  [libjvm.so+0x93e2fe]  JVMCIEnv::copy_saved_properties()+0x14e
V  [libjvm.so+0x9732a9]  JVMCIRuntime::initialize(JVMCIEnv*)+0xb19
V  [libjvm.so+0x9738a2]  JVMCIRuntime::get_HotSpotJVMCIRuntime(JVMCIEnv*)+0x12
V  [libjvm.so+0x9749f2]  JVMCIRuntime::compile_method(JVMCIEnv*, JVMCICompiler*, methodHandle const&, int)+0xd2
V  [libjvm.so+0x5b0d20]  CompileBroker::invoke_compiler_on_method(CompileTask*)+0x1470
V  [libjvm.so+0x5b12e8]  CompileBroker::compiler_thread_loop()+0x528
V  [libjvm.so+0xd82460]  JavaThread::thread_main_inner()+0xd0
V  [libjvm.so+0xd85a40]  Thread::call_run()+0xc0
V  [libjvm.so+0xbdb1e1]  thread_native_entry(Thread*)+0xe1

Register to memory mapping:

RAX=0x00007b891126d000 points into unknown readable memory: 0x0000000000000058 | 58 00 00 00 00 00 00 00
RBX=0x00007b8912368398: <offset 0x0000000000ef5398> in /nix/store/gpxl5qgg8kicmcvivwmybwjlpf7wh20l-graalvm17-ce-22.3.0/lib/server/libjvm.so at 0x00007b8911473000
RCX=0x00007b89123201e8: <offset 0x0000000000ead1e8> in /nix/store/gpxl5qgg8kicmcvivwmybwjlpf7wh20l-graalvm17-ce-22.3.0/lib/server/libjvm.so at 0x00007b8911473000
RDX=0x0000000000000649 is an unknown value
RSP=0x00007b88f1718380 is pointing into the stack for thread: 0x00007b890c0b1ad0
RBP=0x00007b88f17183a0 is pointing into the stack for thread: 0x00007b890c0b1ad0
RSI=0x00007b8912368c48: <offset 0x0000000000ef5c48> in /nix/store/gpxl5qgg8kicmcvivwmybwjlpf7wh20l-graalvm17-ce-22.3.0/lib/server/libjvm.so at 0x00007b8911473000
RDI=0x00000000e0000000 is an oop: [Ljava.util.HashMap$Node; 
{0x00000000e0000000} - klass: 'java/util/HashMap$Node'[]
 - length: 2
R8 =0x00007b8912368398: <offset 0x0000000000ef5398> in /nix/store/gpxl5qgg8kicmcvivwmybwjlpf7wh20l-graalvm17-ce-22.3.0/lib/server/libjvm.so at 0x00007b8911473000
R9 =0x00007b88f1718330 is pointing into the stack for thread: 0x00007b890c0b1ad0
R10=0x00007b88f1719948 is pointing into the stack for thread: 0x00007b890c0b1ad0
R11=0x0000000000000293 is an unknown value
R12=0x0 is NULL
R13=0x00007b890c0b1ad0 is a thread
R14=0x00007b890c000b80 points into unknown readable memory: 0x00007b8912599a38 | 38 9a 59 12 89 7b 00 00
R15=0x00007b89126a7e40: <offset 0x0000000001234e40> in /nix/store/gpxl5qgg8kicmcvivwmybwjlpf7wh20l-graalvm17-ce-22.3.0/lib/server/libjvm.so at 0x00007b8911473000


Registers:
RAX=0x00007b891126d000, RBX=0x00007b8912368398, RCX=0x00007b89123201e8, RDX=0x0000000000000649
RSP=0x00007b88f1718380, RBP=0x00007b88f17183a0, RSI=0x00007b8912368c48, RDI=0x00000000e0000000
R8 =0x00007b8912368398, R9 =0x00007b88f1718330, R10=0x00007b88f1719948, R11=0x0000000000000293
R12=0x0000000000000000, R13=0x00007b890c0b1ad0, R14=0x00007b890c000b80, R15=0x00007b89126a7e40
RIP=0x00007b8911de5714, EFLAGS=0x0000000000010206, CSGSFS=0x002b000000000033, ERR=0x0000000000000006
  TRAPNO=0x000000000000000e

Top of Stack: (sp=0x00007b88f1718380)
0x00007b88f1718380:   00007b88f1718940 00007b890c0b1ad0
0x00007b88f1718390:   00007b8910c00888 0000000800c42498
0x00007b88f17183a0:   00007b88f1718500 00007b8911db12fe
0x00007b88f17183b0:   00007b88f17183e0 00007b88f1718440 

Instructions: (pc=0x00007b8911de5714)
0x00007b8911de5614:   30 e8 f6 cf e8 ff 4c 89 e7 e8 2e 48 d1 ff 84 db
0x00007b8911de5624:   75 2a 4d 85 ed 74 04 4d 8b 6d 00 48 83 c4 08 44
0x00007b8911de5634:   89 f9 4c 89 f2 4c 89 ee 5b 4c 89 e7 41 5c 41 5d
0x00007b8911de5644:   41 5e 41 5f 5d e9 e2 47 d1 ff 66 90 48 83 c4 08
0x00007b8911de5654:   5b 41 5c 41 5d 41 5e 41 5f 5d c3 90 31 d2 be 08
0x00007b8911de5664:   00 00 00 4c 89 ff e8 b1 78 a3 ff 49 89 c5 e9 37
0x00007b8911de5674:   ff ff ff 66 0f 1f 84 00 00 00 00 00 48 8b 7a 08
0x00007b8911de5684:   e9 6d ff ff ff 0f 1f 80 00 00 00 00 e8 5b 48 0a
0x00007b8911de5694:   00 84 c0 75 89 e9 6a ff ff ff 66 90 55 48 89 e5
0x00007b8911de56a4:   41 56 41 55 41 54 49 89 fc 53 48 89 f3 66 48 8d
0x00007b8911de56b4:   3d 27 5e 85 00 66 66 48 e8 df 43 8d ff 4c 8b 28
0x00007b8911de56c4:   8b 05 be 72 8a 00 85 c0 75 14 ba 01 00 00 00 48
0x00007b8911de56d4:   8d 0d ae 72 8a 00 f0 0f b1 11 85 c0 74 4e be c8
0x00007b8911de56e4:   00 00 00 4c 89 ef e8 01 0b 41 00 48 8d 05 12 ac
0x00007b8911de56f4:   85 00 49 89 d8 48 8d 0d e8 aa 53 00 ba 49 06 00
0x00007b8911de5704:   00 48 8d 35 3c 35 58 00 bf 00 00 00 e0 48 8b 00
0x00007b8911de5714:   c6 00 58 31 c0 e8 e2 91 c6 ff 5b 41 5c 41 5d 41
0x00007b8911de5724:   5e 5d e9 55 34 26 00 0f 1f 44 00 00 48 8d 05 81
0x00007b8911de5734:   a3 8b 00 48 89 df 4c 8b 30 e8 9e 43 8d ff 48 89
0x00007b8911de5744:   de 48 89 c2 49 8b 06 4c 89 f7 ff 50 08 4c 89 f7
0x00007b8911de5754:   e8 a7 5c 27 00 4d 85 e4 74 12 be 01 00 00 00 4c
0x00007b8911de5764:   89 e7 e8 35 43 fc ff eb 82 0f 1f 00 be 01 00 00
0x00007b8911de5774:   00 4c 89 ef e8 d3 fd ff ff e9 6d ff ff ff 66 66
0x00007b8911de5784:   2e 0f 1f 84 00 00 00 00 00 0f 1f 00 55 48 89 e5
0x00007b8911de5794:   41 57 41 56 41 55 41 54 53 48 81 ec 08 02 00 00
0x00007b8911de57a4:   64 48 8b 04 25 28 00 00 00 48 89 45 c8 8b 07 83
0x00007b8911de57b4:   f8 02 0f 84 11 04 00 00 4c 8b 6f 18 49 89 ff 49
0x00007b8911de57c4:   89 f4 4d 85 ed 74 14 4c 89 ef e8 5d 57 22 00 41
0x00007b8911de57d4:   8b 07 83 f8 02 0f 84 19 04 00 00 48 8d 1d 9a 06
0x00007b8911de57e4:   8a 00 4c 8d 35 0b 3c 58 00 eb 38 90 48 85 d2 7f
0x00007b8911de57f4:   0d 48 8d 05 b4 c0 85 00 48 83 38 00 7e 0e 41 8b
0x00007b8911de5804:   77 2c 4c 89 f7 31 c0 e8 a0 b2 f7 ff 49 8b 7f 18 


Stack slot to memory mapping:
stack at sp + 0 slots: 0x00007b88f1718940 is pointing into the stack for thread: 0x00007b890c0b1ad0
stack at sp + 1 slots: 0x00007b890c0b1ad0 is a thread
stack at sp + 2 slots: 0x00007b8910c00888 points into unknown readable memory: 0x657300183c7affff | ff ff 7a 3c 18 00 73 65
stack at sp + 3 slots: 0x0000000800c42498 is a pointer to class: 
jdk.vm.ci.services.Services {0x0000000800c42498}
 - instance size:     2
 - klass size:        65
 - access:            public final synchronized 
 - state:             fully_initialized
 - name:              'jdk/vm/ci/services/Services'
 - super:             'java/lang/Object'
 - sub:               
 - arrays:            NULL
 - methods:           Array<T>(0x00007b88f1c4ec88)
 - method ordering:   Array<T>(0x0000000800928960)
 - default_methods:   Array<T>(0x0000000000000000)
 - local interfaces:  Array<T>(0x00000008005ce810)
 - trans. interfaces: Array<T>(0x00000008005ce810)
 - constants:         constant pool [427] {0x00007b88f1c4dd68} for 'jdk/vm/ci/services/Services' cache=0x00007b88f1c506d8
 - class loader data:  loader data: 0x00007b890c027c00 of 'bootstrap'
 - source file:       'Services.java'
 - class annotations:       Array<T>(0x0000000000000000)
 - class type annotations:  Array<T>(0x0000000000000000)
 - field annotations:       Array<T>(0x0000000000000000)
 - field type annotations:  Array<T>(0x0000000000000000)
 - inner classes:     Array<T>(0x00007b88f1c4ff28)
 - nest members:     Array<T>(0x00007b88f1c4ff48)
 - permitted subclasses:     Array<T>(0x00000008005ce7a0)
 - java mirror:       a 'java/lang/Class'{0x00000000e02ac768} = 'jdk/vm/ci/services/Services'
 - vtable length      5  (start addr: 0x0000000800c42668)
 - itable length      2 (start addr: 0x0000000800c42690)
 - ---- static fields (3 words):
 - public static final 'IS_BUILDING_NATIVE_IMAGE' 'Z' @128 
 - public static final 'IS_IN_NATIVE_IMAGE' 'Z' @129 
 - private static volatile 'savedProperties' 'Ljava/util/Map;' @112 
 - static final 'JVMCI_ENABLED' 'Z' @130 
 - private static final 'servicesCache' 'Ljava/util/Map;' @116 
 - private static final 'MAX_UNICODE_IN_UTF8_LENGTH' 'I' @120 
 - private static final 'MAX_UTF8_PROPERTY_STRING_LENGTH' 'I' @124 
 - ---- non-static fields (0 words):
 - non-static oop maps: 
stack at sp + 4 slots: 0x00007b88f1718500 is pointing into the stack for thread: 0x00007b890c0b1ad0
stack at sp + 5 slots: 0x00007b8911db12fe: <offset 0x000000000093e2fe> in /nix/store/gpxl5qgg8kicmcvivwmybwjlpf7wh20l-graalvm17-ce-22.3.0/lib/server/libjvm.so at 0x00007b8911473000
stack at sp + 6 slots: 0x00007b88f17183e0 is pointing into the stack for thread: 0x00007b890c0b1ad0
stack at sp + 7 slots: 0x00007b88f1718440 is pointing into the stack for thread: 0x00007b890c0b1ad0


---------------  P R O C E S S  ---------------

Threads class SMR info:
_java_thread_list=0x00007b887c0116c0, length=25, elements={
0x00007b890c025ea0, 0x00007b890c0a5d90, 0x00007b890c0a71d0, 0x00007b890c0ad940,
0x00007b890c0aecf0, 0x00007b890c0b00e0, 0x00007b890c0b1ad0, 0x00007b890c0b2fe0,
0x00007b890c0b4040, 0x00007b890c0d75b0, 0x00007b890c11f5a0, 0x00007b890c2f5000,
0x00007b890c32ad20, 0x00007b890c32e600, 0x00007b88a002f460, 0x00007b88a041d020,
0x00007b88a0602f80, 0x00007b88a07b1340, 0x00007b890c3693e0, 0x00007b8894000ff0,
0x00007b890c3f99d0, 0x00007b8884001130, 0x00007b88781196d0, 0x00007b8878043860,
0x00007b887c000ff0
}

Java Threads: ( => current thread )
  0x00007b890c025ea0 JavaThread "main" [_thread_blocked, id=102, stack(0x00007b891128e000,0x00007b891138e000)]
  0x00007b890c0a5d90 JavaThread "Reference Handler" daemon [_thread_blocked, id=107, stack(0x00007b89102a5000,0x00007b89103a5000)]
  0x00007b890c0a71d0 JavaThread "Finalizer" daemon [_thread_blocked, id=108, stack(0x00007b89101a5000,0x00007b89102a5000)]
  0x00007b890c0ad940 JavaThread "Signal Dispatcher" daemon [_thread_blocked, id=110, stack(0x00007b89100a5000,0x00007b89101a5000)]
  0x00007b890c0aecf0 JavaThread "Service Thread" daemon [_thread_blocked, id=111, stack(0x00007b88f181a000,0x00007b88f191a000)]
  0x00007b890c0b00e0 JavaThread "Monitor Deflation Thread" daemon [_thread_blocked, id=112, stack(0x00007b88f171a000,0x00007b88f181a000)]
=>0x00007b890c0b1ad0 JavaThread "JVMCI-native CompilerThread0" daemon [_thread_in_vm, id=113, stack(0x00007b88f151a000,0x00007b88f171a000)]
  0x00007b890c0b2fe0 JavaThread "C1 CompilerThread0" daemon [_thread_blocked, id=115, stack(0x00007b88f131a000,0x00007b88f151a000)]
  0x00007b890c0b4040 JavaThread "Sweeper thread" daemon [_thread_blocked, id=116, stack(0x00007b88f121a000,0x00007b88f131a000)]
  0x00007b890c0d75b0 JavaThread "Common-Cleaner" daemon [_thread_blocked, id=117, stack(0x00007b88f111a000,0x00007b88f121a000)]
  0x00007b890c11f5a0 JavaThread "Notification Thread" daemon [_thread_blocked, id=118, stack(0x00007b88f101a000,0x00007b88f111a000)]
  0x00007b890c2f5000 JavaThread "Active Thread: Equinox Container: 9204239e-e9ee-4d2a-87a6-2e3f8642ebd7" [_thread_blocked, id=138, stack(0x00007b88f0d00000,0x00007b88f0e00000)]
  0x00007b890c32ad20 JavaThread "Framework Event Dispatcher: Equinox Container: 9204239e-e9ee-4d2a-87a6-2e3f8642ebd7" daemon [_thread_blocked, id=142, stack(0x00007b88f0b00000,0x00007b88f0c00000)]
  0x00007b890c32e600 JavaThread "Start Level: Equinox Container: 9204239e-e9ee-4d2a-87a6-2e3f8642ebd7" daemon [_thread_blocked, id=143, stack(0x00007b88f0900000,0x00007b88f0a00000)]
  0x00007b88a002f460 JavaThread "SCR Component Actor" daemon [_thread_blocked, id=144, stack(0x00007b88f0700000,0x00007b88f0800000)]
  0x00007b88a041d020 JavaThread "Worker-JM" [_thread_blocked, id=149, stack(0x00007b88f0300000,0x00007b88f0400000)]
  0x00007b88a0602f80 JavaThread "Java indexing" daemon [_thread_blocked, id=152, stack(0x00007b88b8700000,0x00007b88b8800000)]
  0x00007b88a07b1340 JavaThread "Bundle File Closer" daemon [_thread_blocked, id=155, stack(0x00007b88b8500000,0x00007b88b8600000)]
  0x00007b890c3693e0 JavaThread "pool-3-thread-1" [_thread_blocked, id=157, stack(0x00007b88b8300000,0x00007b88b8400000)]
  0x00007b8894000ff0 JavaThread "Worker-2: Compacting resource model" [_thread_blocked, id=158, stack(0x00007b88b8100000,0x00007b88b8200000)]
  0x00007b890c3f99d0 JavaThread "pool-2-thread-1" [_thread_blocked, id=159, stack(0x00007b88b7f00000,0x00007b88b8000000)]
  0x00007b8884001130 JavaThread "Worker-3: Periodic workspace save." [_thread_blocked, id=169, stack(0x00007b88b7d00000,0x00007b88b7e00000)]
  0x00007b88781196d0 JavaThread "Thread-6" [_thread_blocked, id=402, stack(0x00007b88b7b00000,0x00007b88b7c00000)]
  0x00007b8878043860 JavaThread "Thread-8" [_thread_blocked, id=527, stack(0x00007b88f0100000,0x00007b88f0200000)]
  0x00007b887c000ff0 JavaThread "Worker-6" [_thread_blocked, id=1047, stack(0x00007b88f0500000,0x00007b88f0600000)]

Other Threads:
  0x00007b890c0a14d0 VMThread "VM Thread" [stack: 0x00007b89103a7000,0x00007b89104a7000] [id=105] _threads_hazard_ptr=0x00007b887c0116c0
  0x00007b890c120f40 WatcherThread [stack: 0x00007b88f0f1a000,0x00007b88f101a000] [id=119]
  0x00007b890c03d780 GCTaskThread "GC Thread#0" [stack: 0x00007b8910e51000,0x00007b8910f51000] [id=104]

Threads with active compile tasks:
JVMCI-native CompilerThread0   905200 8015       4       java.util.HashMap::hash (20 bytes)

VM state: synchronizing (normal execution)

VM Mutex/Monitor currently owned by a thread:  ([mutex/lock_event])
[0x00007b890c022ff0] Threads_lock - owner thread: 0x00007b890c0a14d0
[0x00007b890c0237a0] Heap_lock - owner thread: 0x00007b8884001130

OutOfMemory and StackOverflow Exception counts:
OutOfMemoryError java_heap_errors=8
LinkageErrors=67

Heap address: 0x00000000e0000000, size: 512 MB, Compressed Oops mode: 32-bit

CDS archive(s) mapped at: [0x0000000800000000-0x0000000800bc8000-0x0000000800bc8000), size 12353536, SharedBaseAddress: 0x0000000800000000, ArchiveRelocationMode: 0.
Compressed class space mapped at: 0x0000000800c00000-0x0000000840c00000, reserved size: 1073741824
Narrow klass base: 0x0000000800000000, Narrow klass shift: 0, Narrow klass range: 0x100000000

GC Precious Log:
 CPUs: 8 total, 1 available
 Memory: 1024M
 Large Page Support: Disabled
 NUMA Support: Disabled
 Compressed Oops: Enabled (32-bit)
 Alignments: Space 512K, Generation 512K, Heap 2M
 Heap Min Capacity: 100M
 Heap Initial Capacity: 100M
 Heap Max Capacity: 512M
 Pre-touch: Disabled
 Parallel Workers: 1

Heap:
 PSYoungGen      total 63488K, used 44032K [0x00000000f5580000, 0x00000000fcf80000, 0x0000000100000000)
  eden space 44032K, 100% used [0x00000000f5580000,0x00000000f8080000,0x00000000f8080000)
  from space 19456K, 0% used [0x00000000f8080000,0x00000000f8080000,0x00000000f9380000)
  to   space 36864K, 0% used [0x00000000fab80000,0x00000000fab80000,0x00000000fcf80000)
 ParOldGen       total 349696K, used 349695K [0x00000000e0000000, 0x00000000f5580000, 0x00000000f5580000)
  object space 349696K, 99% used [0x00000000e0000000,0x00000000f557fff8,0x00000000f5580000)
 Metaspace       used 50149K, committed 51072K, reserved 1097728K
  class space    used 4946K, committed 5312K, reserved 1048576K

Card table byte_map: [0x00007b8910f51000,0x00007b8911052000] _byte_map_base: 0x00007b8910851000

Marking Bits: (ParMarkBitMap*) 0x00007b89126a14c0
 Begin Bits: [0x00007b88f24b3000, 0x00007b88f2cb3000)
 End Bits:   [0x00007b88f2cb3000, 0x00007b88f34b3000)

Polling page: 0x00007b891126b000

Metaspace:

Usage:
  Non-class:     44.14 MB used.
      Class:      4.83 MB used.
       Both:     48.97 MB used.

Virtual space:
  Non-class space:       48.00 MB reserved,      44.69 MB ( 93%) committed,  6 nodes.
      Class space:        1.00 GB reserved,       5.19 MB ( <1%) committed,  1 nodes.
             Both:        1.05 GB reserved,      49.88 MB (  5%) committed. 

Chunk freelists:
   Non-Class:  3.09 MB
       Class:  2.84 MB
        Both:  5.93 MB

MaxMetaspaceSize: unlimited
CompressedClassSpaceSize: 1.00 GB
Initial GC threshold: 21.00 MB
Current GC threshold: 82.94 MB
CDS: on
MetaspaceReclaimPolicy: balanced
 - commit_granule_bytes: 65536.
 - commit_granule_words: 8192.
 - virtual_space_node_default_size: 1048576.
 - enlarge_chunks_in_place: 1.
 - new_chunks_are_fully_committed: 0.
 - uncommit_free_chunks: 1.
 - use_allocation_guard: 0.
 - handle_deallocations: 1.


Internal statistics:

num_allocs_failed_limit: 6.
num_arena_births: 464.
num_arena_deaths: 140.
num_vsnodes_births: 7.
num_vsnodes_deaths: 0.
num_space_committed: 797.
num_space_uncommitted: 0.
num_chunks_returned_to_freelist: 197.
num_chunks_taken_from_freelist: 2645.
num_chunk_merges: 82.
num_chunk_splits: 1668.
num_chunks_enlarged: 979.
num_purges: 4.
num_inconsistent_stats: 0.

CodeHeap 'non-profiled nmethods': size=120036Kb used=2278Kb max_used=2481Kb free=117757Kb
 bounds [0x00007b88faf7a000, 0x00007b88fb1ea000, 0x00007b89024b3000]
CodeHeap 'profiled nmethods': size=120032Kb used=12355Kb max_used=15214Kb free=107676Kb
 bounds [0x00007b88f3a42000, 0x00007b88f4922000, 0x00007b88faf7a000]
CodeHeap 'non-nmethods': size=5692Kb used=1334Kb max_used=1339Kb free=4357Kb
 bounds [0x00007b88f34b3000, 0x00007b88f3723000, 0x00007b88f3a42000]
 total_blobs=6571 nmethods=5904 adapters=559
 compilation: enabled
              stopped_count=0, restarted_count=0
 full_count=0

JVMCI Events (20 events):
Event: 710.801 Thread 0x00007b890c0b1ad0 destroyed JavaVM[8]@0x00007b88b759e340 for JVMCI runtime 0
Event: 710.801 Thread 0x00007b890c0b1ad0 compacted oop handles in JVMCI runtime 0 from 84 to 84
Event: 710.801 Thread 0x00007b890c0b1ad0 releasing handles for JVMCI runtime 0: oop handles=84, metadata handles={total=192, live=182, blocks=37}
Event: 710.801 Thread 0x00007b890c0b1ad0 detached from JVMCI runtime 0
Event: 726.239 Thread 0x00007b890c0b1ad0 attached to JVMCI runtime 0
Event: 726.241 Thread 0x00007b890c0b1ad0 created JavaVM[9]@0x00007b88b759e340 for JVMCI runtime 0
Event: 727.616 Thread 0x00007b890c0b1ad0 initializing JVMCI runtime 0
Event: 727.616 Thread 0x00007b890c0b1ad0 done waiting for JavaVM references initialization in JVMCI runtime 0
Event: 790.495 Thread 0x00007b890c0b1ad0 initialized JVMCI runtime 0
Event: 854.820 Thread 0x00007b890c0b1ad0 detaching from JVMCI runtime 0: releasing idle compiler thread (0 other threads still attached)
Event: 854.820 Thread 0x00007b890c0b1ad0 shutting down HotSpotJVMCIRuntime for JVMCI runtime 0
Event: 854.820 Thread 0x00007b890c0b1ad0 shut down JVMCI runtime 0
Event: 856.026 Thread 0x00007b890c0b1ad0 destroyed JavaVM[9]@0x00007b88b759e340 for JVMCI runtime 0
Event: 856.026 Thread 0x00007b890c0b1ad0 compacted oop handles in JVMCI runtime 0 from 85 to 85
Event: 856.026 Thread 0x00007b890c0b1ad0 releasing handles for JVMCI runtime 0: oop handles=85, metadata handles={total=160, live=150, blocks=37}
Event: 856.026 Thread 0x00007b890c0b1ad0 detached from JVMCI runtime 0
Event: 871.219 Thread 0x00007b890c0b1ad0 attached to JVMCI runtime 0
Event: 871.221 Thread 0x00007b890c0b1ad0 created JavaVM[10]@0x00007b88b759e340 for JVMCI runtime 0
Event: 874.536 Thread 0x00007b890c0b1ad0 initializing JVMCI runtime 0
Event: 874.536 Thread 0x00007b890c0b1ad0 done waiting for JavaVM references initialization in JVMCI runtime 0

Compilation events (20 events):
Event: 706.927 Thread 0x00007b890c0b1ad0 nmethod 8008 0x00007b88fb07f110 code [0x00007b88fb07f280, 0x00007b88fb07f328]
Event: 726.238 Thread 0x00007b890c0b1ad0 8009       4       java.util.HashMap::removeNode (291 bytes)
Event: 816.136 Thread 0x00007b890c0b2fe0 8012   !   3       org.eclipse.osgi.util.NLS::internalBind (412 bytes)
Event: 817.507 Thread 0x00007b890c0b1ad0 nmethod 8009 0x00007b88fb045590 code [0x00007b88fb045760, 0x00007b88fb045e18]
Event: 817.508 Thread 0x00007b890c0b1ad0 8010       4       java.util.HashMap::putVal (300 bytes)
Event: 822.421 Thread 0x00007b890c0b2fe0 nmethod 8012 0x00007b88f4234610 code [0x00007b88f4234b40, 0x00007b88f4237390]
Event: 845.896 Thread 0x00007b890c0b1ad0 nmethod 8010 0x00007b88fb13b290 code [0x00007b88fb13b4c0, 0x00007b88fb13bee0]
Event: 845.896 Thread 0x00007b890c0b1ad0 8013       4       java.lang.invoke.LambdaForm$MH/0x0000000800c00400::invoke (8 bytes)
Event: 848.535 Thread 0x00007b890c0b1ad0 nmethod 8013 0x00007b88fb0a9990 code [0x00007b88fb0a9b00, 0x00007b88fb0a9bb0]
Event: 848.535 Thread 0x00007b890c0b1ad0 8011       4       java.util.Collections$UnmodifiableMap$UnmodifiableEntrySet$1::next (5 bytes)
Event: 853.626 Thread 0x00007b890c0b1ad0 nmethod 8011 0x00007b88fb0e2510 code [0x00007b88fb0e26a0, 0x00007b88fb0e2998]
Event: 871.219 Thread 0x00007b890c0b1ad0 8015       4       java.util.HashMap::hash (20 bytes)
Event: 880.807 Thread 0x00007b890c0b2fe0 8017       3       org.eclipse.core.internal.dtree.AbstractDataTreeNode::storeStrings (42 bytes)
Event: 880.808 Thread 0x00007b890c0b2fe0 nmethod 8017 0x00007b88f3b15190 code [0x00007b88f3b15360, 0x00007b88f3b15830]
Event: 880.808 Thread 0x00007b890c0b2fe0 8016       3       org.eclipse.core.internal.utils.StringPool::add (59 bytes)
Event: 880.808 Thread 0x00007b890c0b2fe0 nmethod 8016 0x00007b88f44bb410 code [0x00007b88f44bb600, 0x00007b88f44bbfd0]
Event: 883.593 Thread 0x00007b890c0b2fe0 8018       3       org.eclipse.core.internal.dtree.DataTreeNode::storeStrings (28 bytes)
Event: 883.593 Thread 0x00007b890c0b2fe0 nmethod 8018 0x00007b88f3e65410 code [0x00007b88f3e655e0, 0x00007b88f3e65e70]
Event: 884.993 Thread 0x00007b890c0b2fe0 8019       3       org.eclipse.core.internal.resources.ResourceInfo::shareStrings (43 bytes)
Event: 886.337 Thread 0x00007b890c0b2fe0 nmethod 8019 0x00007b88f3cd6c10 code [0x00007b88f3cd6de0, 0x00007b88f3cd70a0]

GC Heap History (20 events):
Event: 891.794 GC heap before
{Heap before GC invocations=682 (full 622):
 PSYoungGen      total 63488K, used 44031K [0x00000000f5580000, 0x00000000fcf80000, 0x0000000100000000)
  eden space 44032K, 99% used [0x00000000f5580000,0x00000000f807ff90,0x00000000f8080000)
  from space 19456K, 0% used [0x00000000f8080000,0x00000000f8080000,0x00000000f9380000)
  to   space 36864K, 0% used [0x00000000fab80000,0x00000000fab80000,0x00000000fcf80000)
 ParOldGen       total 349696K, used 349695K [0x00000000e0000000, 0x00000000f5580000, 0x00000000f5580000)
  object space 349696K, 99% used [0x00000000e0000000,0x00000000f557ff60,0x00000000f5580000)
 Metaspace       used 50146K, committed 51072K, reserved 1097728K
  class space    used 4945K, committed 5312K, reserved 1048576K
}
Event: 893.096 GC heap after
{Heap after GC invocations=682 (full 622):
 PSYoungGen      total 80896K, used 44031K [0x00000000f5580000, 0x00000000fcf80000, 0x0000000100000000)
  eden space 44032K, 99% used [0x00000000f5580000,0x00000000f807ff90,0x00000000f8080000)
  from space 36864K, 0% used [0x00000000fab80000,0x00000000fab80000,0x00000000fcf80000)
  to   space 19456K, 0% used [0x00000000f8080000,0x00000000f8080000,0x00000000f9380000)
 ParOldGen       total 349696K, used 349695K [0x00000000e0000000, 0x00000000f5580000, 0x00000000f5580000)
  object space 349696K, 99% used [0x00000000e0000000,0x00000000f557ff60,0x00000000f5580000)
 Metaspace       used 50146K, committed 51072K, reserved 1097728K
  class space    used 4945K, committed 5312K, reserved 1048576K
}
Event: 893.096 GC heap before
{Heap before GC invocations=683 (full 623):
 PSYoungGen      total 80896K, used 44031K [0x00000000f5580000, 0x00000000fcf80000, 0x0000000100000000)
  eden space 44032K, 99% used [0x00000000f5580000,0x00000000f807ff90,0x00000000f8080000)
  from space 36864K, 0% used [0x00000000fab80000,0x00000000fab80000,0x00000000fcf80000)
  to   space 19456K, 0% used [0x00000000f8080000,0x00000000f8080000,0x00000000f9380000)
 ParOldGen       total 349696K, used 349695K [0x00000000e0000000, 0x00000000f5580000, 0x00000000f5580000)
  object space 349696K, 99% used [0x00000000e0000000,0x00000000f557ff60,0x00000000f5580000)
 Metaspace       used 50146K, committed 51072K, reserved 1097728K
  class space    used 4945K, committed 5312K, reserved 1048576K
}
Event: 894.337 GC heap after
{Heap after GC invocations=683 (full 623):
 PSYoungGen      total 63488K, used 44031K [0x00000000f5580000, 0x00000000fcf80000, 0x0000000100000000)
  eden space 44032K, 99% used [0x00000000f5580000,0x00000000f807ff90,0x00000000f8080000)
  from space 19456K, 0% used [0x00000000f8080000,0x00000000f8080000,0x00000000f9380000)
  to   space 36864K, 0% used [0x00000000fab80000,0x00000000fab80000,0x00000000fcf80000)
 ParOldGen       total 349696K, used 349695K [0x00000000e0000000, 0x00000000f5580000, 0x00000000f5580000)
  object space 349696K, 99% used [0x00000000e0000000,0x00000000f557ff60,0x00000000f5580000)
 Metaspace       used 50146K, committed 51072K, reserved 1097728K
  class space    used 4945K, committed 5312K, reserved 1048576K
}
Event: 894.338 GC heap before
{Heap before GC invocations=684 (full 624):
 PSYoungGen      total 63488K, used 44031K [0x00000000f5580000, 0x00000000fcf80000, 0x0000000100000000)
  eden space 44032K, 99% used [0x00000000f5580000,0x00000000f807fff8,0x00000000f8080000)
  from space 19456K, 0% used [0x00000000f8080000,0x00000000f8080000,0x00000000f9380000)
  to   space 36864K, 0% used [0x00000000fab80000,0x00000000fab80000,0x00000000fcf80000)
 ParOldGen       total 349696K, used 349695K [0x00000000e0000000, 0x00000000f5580000, 0x00000000f5580000)
  object space 349696K, 99% used [0x00000000e0000000,0x00000000f557ff90,0x00000000f5580000)
 Metaspace       used 50146K, committed 51072K, reserved 1097728K
  class space    used 4945K, committed 5312K, reserved 1048576K
}
Event: 895.616 GC heap after
{Heap after GC invocations=684 (full 624):
 PSYoungGen      total 80896K, used 44031K [0x00000000f5580000, 0x00000000fcf80000, 0x0000000100000000)
  eden space 44032K, 99% used [0x00000000f5580000,0x00000000f807ffe0,0x00000000f8080000)
  from space 36864K, 0% used [0x00000000fab80000,0x00000000fab80000,0x00000000fcf80000)
  to   space 19456K, 0% used [0x00000000f8080000,0x00000000f8080000,0x00000000f9380000)
 ParOldGen       total 349696K, used 349695K [0x00000000e0000000, 0x00000000f5580000, 0x00000000f5580000)
  object space 349696K, 99% used [0x00000000e0000000,0x00000000f557ff90,0x00000000f5580000)
 Metaspace       used 50146K, committed 51072K, reserved 1097728K
  class space    used 4945K, committed 5312K, reserved 1048576K
}
Event: 895.616 GC heap before
{Heap before GC invocations=685 (full 625):
 PSYoungGen      total 80896K, used 44031K [0x00000000f5580000, 0x00000000fcf80000, 0x0000000100000000)
  eden space 44032K, 99% used [0x00000000f5580000,0x00000000f807ffe0,0x00000000f8080000)
  from space 36864K, 0% used [0x00000000fab80000,0x00000000fab80000,0x00000000fcf80000)
  to   space 19456K, 0% used [0x00000000f8080000,0x00000000f8080000,0x00000000f9380000)
 ParOldGen       total 349696K, used 349695K [0x00000000e0000000, 0x00000000f5580000, 0x00000000f5580000)
  object space 349696K, 99% used [0x00000000e0000000,0x00000000f557ff90,0x00000000f5580000)
 Metaspace       used 50146K, committed 51072K, reserved 1097728K
  class space    used 4945K, committed 5312K, reserved 1048576K
}
Event: 897.007 GC heap after
{Heap after GC invocations=685 (full 625):
 PSYoungGen      total 63488K, used 44031K [0x00000000f5580000, 0x00000000fcf80000, 0x0000000100000000)
  eden space 44032K, 99% used [0x00000000f5580000,0x00000000f807ffe0,0x00000000f8080000)
  from space 19456K, 0% used [0x00000000f8080000,0x00000000f8080000,0x00000000f9380000)
  to   space 36864K, 0% used [0x00000000fab80000,0x00000000fab80000,0x00000000fcf80000)
 ParOldGen       total 349696K, used 349695K [0x00000000e0000000, 0x00000000f5580000, 0x00000000f5580000)
  object space 349696K, 99% used [0x00000000e0000000,0x00000000f557ff90,0x00000000f5580000)
 Metaspace       used 50146K, committed 51072K, reserved 1097728K
  class space    used 4945K, committed 5312K, reserved 1048576K
}
Event: 897.007 GC heap before
{Heap before GC invocations=686 (full 626):
 PSYoungGen      total 63488K, used 44031K [0x00000000f5580000, 0x00000000fcf80000, 0x0000000100000000)
  eden space 44032K, 99% used [0x00000000f5580000,0x00000000f807ffe0,0x00000000f8080000)
  from space 19456K, 0% used [0x00000000f8080000,0x00000000f8080000,0x00000000f9380000)
  to   space 36864K, 0% used [0x00000000fab80000,0x00000000fab80000,0x00000000fcf80000)
 ParOldGen       total 349696K, used 349695K [0x00000000e0000000, 0x00000000f5580000, 0x00000000f5580000)
  object space 349696K, 99% used [0x00000000e0000000,0x00000000f557ff90,0x00000000f5580000)
 Metaspace       used 50146K, committed 51072K, reserved 1097728K
  class space    used 4945K, committed 5312K, reserved 1048576K
}
Event: 898.354 GC heap after
{Heap after GC invocations=686 (full 626):
 PSYoungGen      total 80896K, used 44031K [0x00000000f5580000, 0x00000000fcf80000, 0x0000000100000000)
  eden space 44032K, 99% used [0x00000000f5580000,0x00000000f807ffe0,0x00000000f8080000)
  from space 36864K, 0% used [0x00000000fab80000,0x00000000fab80000,0x00000000fcf80000)
  to   space 19456K, 0% used [0x00000000f8080000,0x00000000f8080000,0x00000000f9380000)
 ParOldGen       total 349696K, used 349695K [0x00000000e0000000, 0x00000000f5580000, 0x00000000f5580000)
  object space 349696K, 99% used [0x00000000e0000000,0x00000000f557ff90,0x00000000f5580000)
 Metaspace       used 50146K, committed 51072K, reserved 1097728K
  class space    used 4945K, committed 5312K, reserved 1048576K
}
Event: 898.354 GC heap before
{Heap before GC invocations=687 (full 627):
 PSYoungGen      total 80896K, used 44031K [0x00000000f5580000, 0x00000000fcf80000, 0x0000000100000000)
  eden space 44032K, 99% used [0x00000000f5580000,0x00000000f807ffe0,0x00000000f8080000)
  from space 36864K, 0% used [0x00000000fab80000,0x00000000fab80000,0x00000000fcf80000)
  to   space 19456K, 0% used [0x00000000f8080000,0x00000000f8080000,0x00000000f9380000)
 ParOldGen       total 349696K, used 349695K [0x00000000e0000000, 0x00000000f5580000, 0x00000000f5580000)
  object space 349696K, 99% used [0x00000000e0000000,0x00000000f557ff90,0x00000000f5580000)
 Metaspace       used 50146K, committed 51072K, reserved 1097728K
  class space    used 4945K, committed 5312K, reserved 1048576K
}
Event: 899.716 GC heap after
{Heap after GC invocations=687 (full 627):
 PSYoungGen      total 63488K, used 44031K [0x00000000f5580000, 0x00000000fcf80000, 0x0000000100000000)
  eden space 44032K, 99% used [0x00000000f5580000,0x00000000f807ffe0,0x00000000f8080000)
  from space 19456K, 0% used [0x00000000f8080000,0x00000000f8080000,0x00000000f9380000)
  to   space 36864K, 0% used [0x00000000fab80000,0x00000000fab80000,0x00000000fcf80000)
 ParOldGen       total 349696K, used 349695K [0x00000000e0000000, 0x00000000f5580000, 0x00000000f5580000)
  object space 349696K, 99% used [0x00000000e0000000,0x00000000f557ff90,0x00000000f5580000)
 Metaspace       used 50146K, committed 51072K, reserved 1097728K
  class space    used 4945K, committed 5312K, reserved 1048576K
}
Event: 899.716 GC heap before
{Heap before GC invocations=688 (full 628):
 PSYoungGen      total 63488K, used 44031K [0x00000000f5580000, 0x00000000fcf80000, 0x0000000100000000)
  eden space 44032K, 99% used [0x00000000f5580000,0x00000000f807fff8,0x00000000f8080000)
  from space 19456K, 0% used [0x00000000f8080000,0x00000000f8080000,0x00000000f9380000)
  to   space 36864K, 0% used [0x00000000fab80000,0x00000000fab80000,0x00000000fcf80000)
 ParOldGen       total 349696K, used 349695K [0x00000000e0000000, 0x00000000f5580000, 0x00000000f5580000)
  object space 349696K, 99% used [0x00000000e0000000,0x00000000f557fff0,0x00000000f5580000)
 Metaspace       used 50148K, committed 51072K, reserved 1097728K
  class space    used 4946K, committed 5312K, reserved 1048576K
}
Event: 901.000 GC heap after
{Heap after GC invocations=688 (full 628):
 PSYoungGen      total 80896K, used 44031K [0x00000000f5580000, 0x00000000fcf80000, 0x0000000100000000)
  eden space 44032K, 99% used [0x00000000f5580000,0x00000000f807ffb0,0x00000000f8080000)
  from space 36864K, 0% used [0x00000000fab80000,0x00000000fab80000,0x00000000fcf80000)
  to   space 19456K, 0% used [0x00000000f8080000,0x00000000f8080000,0x00000000f9380000)
 ParOldGen       total 349696K, used 349694K [0x00000000e0000000, 0x00000000f5580000, 0x00000000f5580000)
  object space 349696K, 99% used [0x00000000e0000000,0x00000000f557fbd0,0x00000000f5580000)
 Metaspace       used 50148K, committed 51072K, reserved 1097728K
  class space    used 4946K, committed 5312K, reserved 1048576K
}
Event: 901.001 GC heap before
{Heap before GC invocations=689 (full 629):
 PSYoungGen      total 80896K, used 44032K [0x00000000f5580000, 0x00000000fcf80000, 0x0000000100000000)
  eden space 44032K, 100% used [0x00000000f5580000,0x00000000f8080000,0x00000000f8080000)
  from space 36864K, 0% used [0x00000000fab80000,0x00000000fab80000,0x00000000fcf80000)
  to   space 19456K, 0% used [0x00000000f8080000,0x00000000f8080000,0x00000000f9380000)
 ParOldGen       total 349696K, used 349694K [0x00000000e0000000, 0x00000000f5580000, 0x00000000f5580000)
  object space 349696K, 99% used [0x00000000e0000000,0x00000000f557fbd0,0x00000000f5580000)
 Metaspace       used 50148K, committed 51072K, reserved 1097728K
  class space    used 4946K, committed 5312K, reserved 1048576K
}
Event: 902.394 GC heap after
{Heap after GC invocations=689 (full 629):
 PSYoungGen      total 63488K, used 44031K [0x00000000f5580000, 0x00000000fcf80000, 0x0000000100000000)
  eden space 44032K, 99% used [0x00000000f5580000,0x00000000f807ffe0,0x00000000f8080000)
  from space 19456K, 0% used [0x00000000f8080000,0x00000000f8080000,0x00000000f9380000)
  to   space 36864K, 0% used [0x00000000fab80000,0x00000000fab80000,0x00000000fcf80000)
 ParOldGen       total 349696K, used 349694K [0x00000000e0000000, 0x00000000f5580000, 0x00000000f5580000)
  object space 349696K, 99% used [0x00000000e0000000,0x00000000f557fbd0,0x00000000f5580000)
 Metaspace       used 50148K, committed 51072K, reserved 1097728K
  class space    used 4946K, committed 5312K, reserved 1048576K
}
Event: 902.395 GC heap before
{Heap before GC invocations=690 (full 630):
 PSYoungGen      total 63488K, used 44032K [0x00000000f5580000, 0x00000000fcf80000, 0x0000000100000000)
  eden space 44032K, 100% used [0x00000000f5580000,0x00000000f8080000,0x00000000f8080000)
  from space 19456K, 0% used [0x00000000f8080000,0x00000000f8080000,0x00000000f9380000)
  to   space 36864K, 0% used [0x00000000fab80000,0x00000000fab80000,0x00000000fcf80000)
 ParOldGen       total 349696K, used 349695K [0x00000000e0000000, 0x00000000f5580000, 0x00000000f5580000)
  object space 349696K, 99% used [0x00000000e0000000,0x00000000f557ff48,0x00000000f5580000)
 Metaspace       used 50149K, committed 51072K, reserved 1097728K
  class space    used 4946K, committed 5312K, reserved 1048576K
}
Event: 903.793 GC heap after
{Heap after GC invocations=690 (full 630):
 PSYoungGen      total 80896K, used 44031K [0x00000000f5580000, 0x00000000fcf80000, 0x0000000100000000)
  eden space 44032K, 99% used [0x00000000f5580000,0x00000000f807ff98,0x00000000f8080000)
  from space 36864K, 0% used [0x00000000fab80000,0x00000000fab80000,0x00000000fcf80000)
  to   space 19456K, 0% used [0x00000000f8080000,0x00000000f8080000,0x00000000f9380000)
 ParOldGen       total 349696K, used 349695K [0x00000000e0000000, 0x00000000f5580000, 0x00000000f5580000)
  object space 349696K, 99% used [0x00000000e0000000,0x00000000f557fd48,0x00000000f5580000)
 Metaspace       used 50149K, committed 51072K, reserved 1097728K
  class space    used 4946K, committed 5312K, reserved 1048576K
}
Event: 903.793 GC heap before
{Heap before GC invocations=691 (full 631):
 PSYoungGen      total 80896K, used 44031K [0x00000000f5580000, 0x00000000fcf80000, 0x0000000100000000)
  eden space 44032K, 99% used [0x00000000f5580000,0x00000000f807ff98,0x00000000f8080000)
  from space 36864K, 0% used [0x00000000fab80000,0x00000000fab80000,0x00000000fcf80000)
  to   space 19456K, 0% used [0x00000000f8080000,0x00000000f8080000,0x00000000f9380000)
 ParOldGen       total 349696K, used 349695K [0x00000000e0000000, 0x00000000f5580000, 0x00000000f5580000)
  object space 349696K, 99% used [0x00000000e0000000,0x00000000f557fd48,0x00000000f5580000)
 Metaspace       used 50149K, committed 51072K, reserved 1097728K
  class space    used 4946K, committed 5312K, reserved 1048576K
}
Event: 905.037 GC heap after
{Heap after GC invocations=691 (full 631):
 PSYoungGen      total 63488K, used 44031K [0x00000000f5580000, 0x00000000fcf80000, 0x0000000100000000)
  eden space 44032K, 99% used [0x00000000f5580000,0x00000000f807ff98,0x00000000f8080000)
  from space 19456K, 0% used [0x00000000f8080000,0x00000000f8080000,0x00000000f9380000)
  to   space 36864K, 0% used [0x00000000fab80000,0x00000000fab80000,0x00000000fcf80000)
 ParOldGen       total 349696K, used 349695K [0x00000000e0000000, 0x00000000f5580000, 0x00000000f5580000)
  object space 349696K, 99% used [0x00000000e0000000,0x00000000f557fd48,0x00000000f5580000)
 Metaspace       used 50149K, committed 51072K, reserved 1097728K
  class space    used 4946K, committed 5312K, reserved 1048576K
}

Dll operation events (8 events):
Event: 0.003 Loaded shared library /nix/store/gpxl5qgg8kicmcvivwmybwjlpf7wh20l-graalvm17-ce-22.3.0/lib/libjava.so
Event: 0.015 Loaded shared library /nix/store/gpxl5qgg8kicmcvivwmybwjlpf7wh20l-graalvm17-ce-22.3.0/lib/libjsvml.so
Event: 0.414 Loaded shared library /nix/store/gpxl5qgg8kicmcvivwmybwjlpf7wh20l-graalvm17-ce-22.3.0/lib/libnio.so
Event: 0.494 Loaded shared library /nix/store/gpxl5qgg8kicmcvivwmybwjlpf7wh20l-graalvm17-ce-22.3.0/lib/libzip.so
Event: 0.498 Loaded shared library /nix/store/gpxl5qgg8kicmcvivwmybwjlpf7wh20l-graalvm17-ce-22.3.0/lib/libjvmcicompiler.so
Event: 1.097 Loaded shared library /nix/store/gpxl5qgg8kicmcvivwmybwjlpf7wh20l-graalvm17-ce-22.3.0/lib/libjimage.so
Event: 2.803 Loaded shared library /nix/store/gpxl5qgg8kicmcvivwmybwjlpf7wh20l-graalvm17-ce-22.3.0/lib/libnet.so
Event: 4.214 Loaded shared library /home/runner/CSC330-Final-Project-DnD/.cache/jdt-language-server/config/org.eclipse.equinox.launcher/org.eclipse.equinox.launcher.gtk.linux.x86_64_1.2.400.v20211117-0650/eclipse_11600.so

Deoptimization events (20 events):
Event: 66.416 Thread 0x00007b890c0b1ad0 DEOPT PACKING pc=0x00007b88f3bf998c sp=0x00007b88f1717ef0
Event: 66.416 Thread 0x00007b890c0b1ad0 DEOPT UNPACKING pc=0x00007b88f3505325 sp=0x00007b88f1717458 mode 0
Event: 66.420 Thread 0x00007b8878043860 Uncommon trap: trap_request=0xffffffed fr.pc=0x00007b88fb1a6cf1 relative=0x0000000000001271
Event: 66.420 Thread 0x00007b8878043860 Uncommon trap: reason=null_assert_or_unreached0 action=reinterpret pc=0x00007b88fb1a6cf1 method=org.eclipse.jdt.internal.compiler.parser.Scanner.internalScanIdentifierOrKeyword(II[C)I @ 0 jvmci
Event: 66.420 Thread 0x00007b8878043860 DEOPT PACKING pc=0x00007b88fb1a6cf1 sp=0x00007b88f0f15b70
Event: 66.420 Thread 0x00007b8878043860 DEOPT UNPACKING pc=0x00007b88f3505325 sp=0x00007b88f0f15000 mode 3
Event: 768.306 Thread 0x00007b890c3f99d0 DEOPT PACKING pc=0x00007b88fb0a56a0 sp=0x00007b88b7ffcfb0
Event: 768.306 Thread 0x00007b890c3f99d0 DEOPT UNPACKING pc=0x00007b88f3505325 sp=0x00007b88b7ffc388 mode 1
Event: 891.794 Thread 0x00007b8884001130 Uncommon trap: trap_request=0xffffff8f fr.pc=0x00007b88fafb9fd5 relative=0x0000000000000435
Event: 891.794 Thread 0x00007b8884001130 Uncommon trap: reason=constraint action=none pc=0x00007b88fafb9fd5 method=java.lang.StringBuilder.append(Ljava/lang/String;)Ljava/lang/StringBuilder; @ 0 jvmci
Event: 891.794 Thread 0x00007b8884001130 DEOPT PACKING pc=0x00007b88fafb9fd5 sp=0x00007b88b7dfddd0
Event: 891.794 Thread 0x00007b8884001130 DEOPT UNPACKING pc=0x00007b88f3505325 sp=0x00007b88b7dfd2a8 mode 3
Event: 894.338 Thread 0x00007b8884001130 Uncommon trap: trap_request=0xffffff8f fr.pc=0x00007b88fafe41ee relative=0x000000000000044e
Event: 894.338 Thread 0x00007b8884001130 Uncommon trap: reason=constraint action=none pc=0x00007b88fafe41ee method=java.lang.AbstractStringBuilder.append(Ljava/lang/String;)Ljava/lang/AbstractStringBuilder; @ 0 jvmci
Event: 894.338 Thread 0x00007b8884001130 DEOPT PACKING pc=0x00007b88fafe41ee sp=0x00007b88b7dfdd60
Event: 894.338 Thread 0x00007b8884001130 DEOPT UNPACKING pc=0x00007b88f3505325 sp=0x00007b88b7dfd230 mode 3
Event: 897.007 Thread 0x00007b8884001130 Uncommon trap: trap_request=0xffffff8f fr.pc=0x00007b88faf9b411 relative=0x00000000000002f1
Event: 897.007 Thread 0x00007b8884001130 Uncommon trap: reason=constraint action=none pc=0x00007b88faf9b411 method=java.lang.AbstractStringBuilder.newCapacity(I)I @ 32 jvmci
Event: 897.007 Thread 0x00007b8884001130 DEOPT PACKING pc=0x00007b88faf9b411 sp=0x00007b88b7dfdd00
Event: 897.007 Thread 0x00007b8884001130 DEOPT UNPACKING pc=0x00007b88f3505325 sp=0x00007b88b7dfd110 mode 3

Classes unloaded (20 events):
Event: 62.326 Thread 0x00007b890c0a14d0 Unloading class 0x0000000800d85000 'java/lang/invoke/LambdaForm$MH+0x0000000800d85000'
Event: 62.326 Thread 0x00007b890c0a14d0 Unloading class 0x0000000800d84c00 'java/lang/invoke/LambdaForm$MH+0x0000000800d84c00'
Event: 62.326 Thread 0x00007b890c0a14d0 Unloading class 0x0000000800d84800 'java/lang/invoke/LambdaForm$MH+0x0000000800d84800'
Event: 62.326 Thread 0x00007b890c0a14d0 Unloading class 0x0000000800d84400 'java/lang/invoke/LambdaForm$MH+0x0000000800d84400'
Event: 62.326 Thread 0x00007b890c0a14d0 Unloading class 0x0000000800d84000 'jdk/internal/reflect/GeneratedConstructorAccessor3'
Event: 62.326 Thread 0x00007b890c0a14d0 Unloading class 0x0000000800cb2800 'java/lang/invoke/LambdaForm$MH+0x0000000800cb2800'
Event: 62.326 Thread 0x00007b890c0a14d0 Unloading class 0x0000000800cb2000 'java/lang/invoke/LambdaForm$MH+0x0000000800cb2000'
Event: 62.326 Thread 0x00007b890c0a14d0 Unloading class 0x0000000800cb1c00 'java/lang/invoke/LambdaForm$MH+0x0000000800cb1c00'
Event: 62.326 Thread 0x00007b890c0a14d0 Unloading class 0x0000000800cb1800 'java/lang/invoke/LambdaForm$MH+0x0000000800cb1800'
Event: 62.326 Thread 0x00007b890c0a14d0 Unloading class 0x0000000800cb1000 'java/lang/invoke/LambdaForm$MH+0x0000000800cb1000'
Event: 62.326 Thread 0x00007b890c0a14d0 Unloading class 0x0000000800cb0c00 'java/lang/invoke/LambdaForm$MH+0x0000000800cb0c00'
Event: 62.326 Thread 0x00007b890c0a14d0 Unloading class 0x0000000800cb0800 'java/lang/invoke/LambdaForm$MH+0x0000000800cb0800'
Event: 62.326 Thread 0x00007b890c0a14d0 Unloading class 0x0000000800cb0000 'java/lang/invoke/LambdaForm$MH+0x0000000800cb0000'
Event: 62.326 Thread 0x00007b890c0a14d0 Unloading class 0x0000000800c85000 'jdk/internal/reflect/GeneratedMethodAccessor5'
Event: 62.326 Thread 0x00007b890c0a14d0 Unloading class 0x0000000800c84c00 'jdk/internal/reflect/GeneratedMethodAccessor4'
Event: 62.326 Thread 0x00007b890c0a14d0 Unloading class 0x0000000800c84800 'jdk/internal/reflect/GeneratedMethodAccessor3'
Event: 62.326 Thread 0x00007b890c0a14d0 Unloading class 0x0000000800c84400 'jdk/internal/reflect/GeneratedMethodAccessor2'
Event: 62.326 Thread 0x00007b890c0a14d0 Unloading class 0x0000000800c84000 'jdk/internal/reflect/GeneratedMethodAccessor1'
Event: 62.326 Thread 0x00007b890c0a14d0 Unloading class 0x0000000800c01c00 'java/lang/invoke/LambdaForm$DMH+0x0000000800c01c00'
Event: 692.503 Thread 0x00007b890c0a14d0 Unloading class 0x0000000801055000 'jdk/internal/reflect/GeneratedConstructorAccessor33'

Classes redefined (0 events):
No events

Internal exceptions (20 events):
Event: 41.196 Thread 0x00007b887c000ff0 Exception <a 'java/lang/NoSuchMethodError'{0x00000000f7fa76b8}: 'java.lang.Object java.lang.invoke.DirectMethodHandle$Holder.invokeSpecial(java.lang.Object, java.lang.Object, java.lang.Object, int, java.lang.Object, java.lang.Object)'> (0x00000000f7fa76b8) 
thrown [src/hotspot/share/interpreter/linkResolver.cpp, line 758]
Event: 41.298 Thread 0x00007b88781196d0 Implicit null exception at 0x00007b88fb148322 to 0x00007b88fb1486b2
Event: 41.498 Thread 0x00007b887c000ff0 Exception <a 'java/lang/NoSuchMethodError'{0x00000000f570e110}: 'java.lang.Object java.lang.invoke.DirectMethodHandle$Holder.newInvokeSpecial(java.lang.Object, java.lang.Object, java.lang.Object, int, java.lang.Object)'> (0x00000000f570e110) 
thrown [src/hotspot/share/interpreter/linkResolver.cpp, line 758]
Event: 41.498 Thread 0x00007b887c000ff0 Exception <a 'java/lang/NoSuchMethodError'{0x00000000f57122c0}: 'java.lang.Object java.lang.invoke.DirectMethodHandle$Holder.invokeSpecial(java.lang.Object, java.lang.Object, java.lang.Object, java.lang.Object, int, java.lang.Object)'> (0x00000000f57122c0) 
thrown [src/hotspot/share/interpreter/linkResolver.cpp, line 758]
Event: 41.499 Thread 0x00007b887c000ff0 Exception <a 'java/lang/NoSuchMethodError'{0x00000000f5773e08}: 'java.lang.Object java.lang.invoke.Invokers$Holder.linkToTargetMethod(java.lang.Object, java.lang.Object, int, java.lang.Object, java.lang.Object)'> (0x00000000f5773e08) 
thrown [src/hotspot/share/interpreter/linkResolver.cpp, line 758]
Event: 41.724 Thread 0x00007b887c000ff0 Implicit null exception at 0x00007b88fafac555 to 0x00007b88fafac865
Event: 45.499 Thread 0x00007b8894000ff0 Exception <a 'java/lang/NoSuchMethodError'{0x00000000f7e2bc20}: 'java.lang.Object java.lang.invoke.DirectMethodHandle$Holder.invokeStatic(java.lang.Object, java.lang.Object, int, java.lang.Object)'> (0x00000000f7e2bc20) 
thrown [src/hotspot/share/interpreter/linkResolver.cpp, line 758]
Event: 45.500 Thread 0x00007b8894000ff0 Exception <a 'java/lang/NoSuchMethodError'{0x00000000f7ec1588}: 'java.lang.Object java.lang.invoke.DirectMethodHandle$Holder.newInvokeSpecial(java.lang.Object, java.lang.Object, int)'> (0x00000000f7ec1588) 
thrown [src/hotspot/share/interpreter/linkResolver.cpp, line 758]
Event: 704.299 Thread 0x00007b8878043860 Exception <a 'java/lang/OutOfMemoryError'{0x00000000e00d0410}> (0x00000000e00d0410) 
thrown [src/hotspot/share/gc/shared/memAllocator.cpp, line 136]
Event: 739.165 Thread 0x00007b8884001130 Exception <a 'java/lang/OutOfMemoryError'{0x00000000e00d06e0}> (0x00000000e00d06e0) 
thrown [src/hotspot/share/gc/shared/memAllocator.cpp, line 136]
Event: 768.306 Thread 0x00007b890c3f99d0 Exception <a 'java/lang/OutOfMemoryError'{0x00000000e00d0cd0}> (0x00000000e00d0cd0) 
thrown [src/hotspot/share/gc/shared/memAllocator.cpp, line 136]
Event: 768.306 Thread 0x00007b890c3f99d0 Exception <a 'java/lang/reflect/InvocationTargetException'{0x00000000f557f5d8}> (0x00000000f557f5d8) 
thrown [src/hotspot/share/runtime/reflection.cpp, line 1119]
Event: 891.794 Thread 0x00007b8884001130 Exception <a 'java/lang/OutOfMemoryError'{0x00000000e00d09b0}> (0x00000000e00d09b0) 
thrown [src/hotspot/share/gc/shared/memAllocator.cpp, line 138]
Event: 891.794 Thread 0x00007b8884001130 Implicit null exception at 0x00007b88fafb9e78 to 0x00007b88fafb9fba
Event: 894.337 Thread 0x00007b8884001130 Exception <a 'java/lang/OutOfMemoryError'{0x00000000e00d09b0}> (0x00000000e00d09b0) 
thrown [src/hotspot/share/gc/shared/memAllocator.cpp, line 138]
Event: 894.338 Thread 0x00007b8884001130 Implicit null exception at 0x00007b88fafe4066 to 0x00007b88fafe41d3
Event: 897.007 Thread 0x00007b8884001130 Exception <a 'java/lang/OutOfMemoryError'{0x00000000e00d09b0}> (0x00000000e00d09b0) 
thrown [src/hotspot/share/gc/shared/memAllocator.cpp, line 138]
Event: 897.007 Thread 0x00007b8884001130 Implicit null exception at 0x00007b88faf9b348 to 0x00007b88faf9b3f6
Event: 899.716 Thread 0x00007b8884001130 Exception <a 'java/lang/OutOfMemoryError'{0x00000000e00d0cd0}> (0x00000000e00d0cd0) 
thrown [src/hotspot/share/gc/shared/memAllocator.cpp, line 136]
Event: 905.037 Thread 0x00007b890c0b1ad0 Exception <a 'java/lang/OutOfMemoryError'{0x00000000e00d0cd0}> (0x00000000e00d0cd0) 
thrown [src/hotspot/share/gc/shared/memAllocator.cpp, line 136]

VM Operations (20 events):
Event: 884.993 Executing VM operation: ParallelGCFailedAllocation
Event: 886.336 Executing VM operation: ParallelGCFailedAllocation done
Event: 886.337 Executing VM operation: ParallelGCFailedAllocation
Event: 887.831 Executing VM operation: ParallelGCFailedAllocation done
Event: 887.831 Executing VM operation: ParallelGCFailedAllocation
Event: 889.144 Executing VM operation: ParallelGCFailedAllocation done
Event: 889.145 Executing VM operation: ParallelGCFailedAllocation
Event: 891.794 Executing VM operation: ParallelGCFailedAllocation done
Event: 891.794 Executing VM operation: ParallelGCFailedAllocation
Event: 894.337 Executing VM operation: ParallelGCFailedAllocation done
Event: 894.338 Executing VM operation: ParallelGCFailedAllocation
Event: 897.007 Executing VM operation: ParallelGCFailedAllocation done
Event: 897.007 Executing VM operation: ParallelGCFailedAllocation
Event: 899.716 Executing VM operation: ParallelGCFailedAllocation done
Event: 899.716 Executing VM operation: ParallelGCFailedAllocation
Event: 901.000 Executing VM operation: ParallelGCFailedAllocation done
Event: 901.000 Executing VM operation: ParallelGCFailedAllocation
Event: 902.394 Executing VM operation: ParallelGCFailedAllocation done
Event: 902.395 Executing VM operation: ParallelGCFailedAllocation
Event: 905.037 Executing VM operation: ParallelGCFailedAllocation done

Events (20 events):
Event: 790.495 loading class jdk/internal/logger/SurrogateLogger done
Event: 790.497 loading class java/lang/AssertionError done
Event: 804.225 loading class sun/util/logging/PlatformLogger
Event: 813.312 loading class sun/util/logging/PlatformLogger done
Event: 813.312 loading class sun/util/logging/PlatformLogger$Level
Event: 813.312 Thread 0x00007b887c000ff0 Thread added: 0x00007b887c000ff0
Event: 813.312 Protecting memory [0x00007b88f0500000,0x00007b88f0504000] with protection modes 0
Event: 814.744 loading class sun/util/logging/PlatformLogger$Level done
Event: 821.143 loading class jdk/internal/logger/SimpleConsoleLogger$Formatting
Event: 821.143 loading class jdk/internal/logger/SimpleConsoleLogger$Formatting done
Event: 821.143 loading class java/util/logging/ErrorManager
Event: 821.143 loading class java/util/logging/ErrorManager done
Event: 868.227 loading class java/lang/Throwable$WrappedPrintWriter
Event: 868.227 loading class java/lang/Throwable$PrintStreamOrWriter
Event: 871.219 loading class java/lang/Throwable$PrintStreamOrWriter done
Event: 871.219 loading class java/lang/Throwable$WrappedPrintWriter done
Event: 871.219 loading class java/util/logging/Handler$1
Event: 871.219 loading class java/util/logging/Handler$1 done
Event: 899.716 loading class java/util/logging/StreamHandler$1
Event: 902.394 loading class java/util/logging/StreamHandler$1 done


Dynamic libraries:
e0000000-f3e00000 rw-p 00000000 00:00 0 
f3e00000-fcf80000 rw-p 00000000 00:00 0 
fcf80000-100000000 ---p 00000000 00:00 0 
800000000-800449000 rw-p 00001000 08:10 707969865                        /nix/store/gpxl5qgg8kicmcvivwmybwjlpf7wh20l-graalvm17-ce-22.3.0/lib/server/classes.jsa
800449000-800bc8000 r--p 0044a000 08:10 707969865                        /nix/store/gpxl5qgg8kicmcvivwmybwjlpf7wh20l-graalvm17-ce-22.3.0/lib/server/classes.jsa
800bc8000-800c00000 ---p 00000000 00:00 0 
800c00000-800c10000 rw-p 00000000 00:00 0 
800c10000-800c30000 rw-p 00000000 00:00 0 
800c30000-800cb0000 rw-p 00000000 00:00 0 
800cb0000-800cf0000 rw-p 00000000 00:00 0 
800cf0000-800db0000 rw-p 00000000 00:00 0 
800db0000-800df0000 rw-p 00000000 00:00 0 
800df0000-801130000 rw-p 00000000 00:00 0 
801130000-840c00000 ---p 00000000 00:00 0 
5a923700c000-5a923700d000 r-xp 00000000 08:10 672029940                  /nix/store/gpxl5qgg8kicmcvivwmybwjlpf7wh20l-graalvm17-ce-22.3.0/bin/.java-wrapped
5a923700e000-5a923700f000 r--p 00001000 08:10 672029940                  /nix/store/gpxl5qgg8kicmcvivwmybwjlpf7wh20l-graalvm17-ce-22.3.0/bin/.java-wrapped
5a923700f000-5a9237010000 rw-p 00002000 08:10 672029940                  /nix/store/gpxl5qgg8kicmcvivwmybwjlpf7wh20l-graalvm17-ce-22.3.0/bin/.java-wrapped
5a9237010000-5a9237011000 rw-p 00004000 08:10 672029940                  /nix/store/gpxl5qgg8kicmcvivwmybwjlpf7wh20l-graalvm17-ce-22.3.0/bin/.java-wrapped
5a9237011000-5a9237012000 rw-p 00005000 08:10 672029940                  /nix/store/gpxl5qgg8kicmcvivwmybwjlpf7wh20l-graalvm17-ce-22.3.0/bin/.java-wrapped
5a9237a40000-5a9237a88000 rw-p 00000000 00:00 0                          [heap]
7b8860000000-7b886008b000 rw-p 00000000 00:00 0 
7b886008b000-7b8864000000 ---p 00000000 00:00 0 
7b88664b3000-7b8870000000 r--s 00000000 08:10 707804677                  /nix/store/gpxl5qgg8kicmcvivwmybwjlpf7wh20l-graalvm17-ce-22.3.0/lib/modules
7b8870000000-7b88705cd000 rw-p 00000000 00:00 0 
7b88705cd000-7b8874000000 ---p 00000000 00:00 0 
7b8875000000-7b8875170000 rw-p 00000000 00:00 0 
7b8875170000-7b88751c0000 rw-p 00000000 00:00 0 
7b88751c0000-7b8875200000 ---p 00000000 00:00 0 
7b8875200000-7b88754f0000 rw-p 00000000 00:00 0 
7b88754f0000-7b8875800000 ---p 00000000 00:00 0 
7b8877000000-7b88771b0000 rw-p 00000000 00:00 0 
7b88771b0000-7b88771f0000 rw-p 00000000 00:00 0 
7b88771f0000-7b8877370000 rw-p 00000000 00:00 0 
7b8877370000-7b88773f0000 rw-p 00000000 00:00 0 
7b88773f0000-7b88776f0000 rw-p 00000000 00:00 0 
7b88776f0000-7b88777f0000 rw-p 00000000 00:00 0 
7b88777f0000-7b8877df0000 rw-p 00000000 00:00 0 
7b8877df0000-7b8878000000 rw-p 00000000 00:00 0 
7b8878000000-7b887813e000 rw-p 00000000 00:00 0 
7b887813e000-7b887c000000 ---p 00000000 00:00 0 
7b887c000000-7b887c026000 rw-p 00000000 00:00 0 
7b887c026000-7b8880000000 ---p 00000000 00:00 0 
7b8880000000-7b8880021000 rw-p 00000000 00:00 0 
7b8880021000-7b8884000000 ---p 00000000 00:00 0 
7b8884000000-7b8884040000 rw-p 00000000 00:00 0 
7b8884040000-7b8888000000 ---p 00000000 00:00 0 
7b8888000000-7b8888075000 rw-p 00000000 00:00 0 
7b8888075000-7b888c000000 ---p 00000000 00:00 0 
7b888c000000-7b888c021000 rw-p 00000000 00:00 0 
7b888c021000-7b8890000000 ---p 00000000 00:00 0 
7b8890000000-7b88903e2000 rw-p 00000000 00:00 0 
7b88903e2000-7b8894000000 ---p 00000000 00:00 0 
7b8894000000-7b8894073000 rw-p 00000000 00:00 0 
7b8894073000-7b8898000000 ---p 00000000 00:00 0 
7b8898000000-7b8898026000 rw-p 00000000 00:00 0 
7b8898026000-7b889c000000 ---p 00000000 00:00 0 
7b889c000000-7b889c021000 rw-p 00000000 00:00 0 
7b889c021000-7b88a0000000 ---p 00000000 00:00 0 
7b88a0000000-7b88a08c1000 rw-p 00000000 00:00 0 
7b88a08c1000-7b88a4000000 ---p 00000000 00:00 0 
7b88a4000000-7b88a4021000 rw-p 00000000 00:00 0 
7b88a4021000-7b88a8000000 ---p 00000000 00:00 0 
7b88a8000000-7b88a8021000 rw-p 00000000 00:00 0 
7b88a8021000-7b88ac000000 ---p 00000000 00:00 0 
7b88ac000000-7b88ac021000 rw-p 00000000 00:00 0 
7b88ac021000-7b88b0000000 ---p 00000000 00:00 0 
7b88b0000000-7b88b0021000 rw-p 00000000 00:00 0 
7b88b0021000-7b88b4000000 ---p 00000000 00:00 0 
7b88b4c00000-7b88b4ef0000 rw-p 00000000 00:00 0 
7b88b4ef0000-7b88b4ff0000 rw-p 00000000 00:00 0 
7b88b4ff0000-7b88b53f0000 rw-p 00000000 00:00 0 
7b88b53f0000-7b88b5400000 rw-p 00000000 00:00 0 
7b88b5800000-7b88b58f0000 rw-p 00000000 00:00 0 
7b88b58f0000-7b88b59f0000 rw-p 00000000 00:00 0 
7b88b59f0000-7b88b5ef0000 rw-p 00000000 00:00 0 
7b88b5ef0000-7b88b6000000 rw-p 00000000 00:00 0 
7b88b6000000-7b88b6010000 r-xp 00000000 00:aa3 310                       /home/runner/CSC330-Final-Project-DnD/.cache/jdt-language-server/config/org.eclipse.equinox.launcher/org.eclipse.equinox.launcher.gtk.linux.x86_64_1.2.400.v20211117-0650/eclipse_11600.so
7b88b6010000-7b88b620f000 ---p 00010000 00:aa3 310                       /home/runner/CSC330-Final-Project-DnD/.cache/jdt-language-server/config/org.eclipse.equinox.launcher/org.eclipse.equinox.launcher.gtk.linux.x86_64_1.2.400.v20211117-0650/eclipse_11600.so
7b88b620f000-7b88b6210000 r--p 0000f000 00:aa3 310                       /home/runner/CSC330-Final-Project-DnD/.cache/jdt-language-server/config/org.eclipse.equinox.launcher/org.eclipse.equinox.launcher.gtk.linux.x86_64_1.2.400.v20211117-0650/eclipse_11600.so
7b88b6210000-7b88b6211000 rw-p 00010000 00:aa3 310                       /home/runner/CSC330-Final-Project-DnD/.cache/jdt-language-server/config/org.eclipse.equinox.launcher/org.eclipse.equinox.launcher.gtk.linux.x86_64_1.2.400.v20211117-0650/eclipse_11600.so
7b88b6900000-7b88b6a00000 ---p 00000000 00:00 0 
7b88b6a00000-7b88b6faf000 r--p 01122000 08:10 707802136                  /nix/store/gpxl5qgg8kicmcvivwmybwjlpf7wh20l-graalvm17-ce-22.3.0/lib/libjvmcicompiler.so
7b88b6faf000-7b88b7100000 r--p 00000000 00:00 0 
7b88b7100000-7b88b713d000 rw-p 00000000 00:00 0 
7b88b713d000-7b88b765d000 rw-p 0185f000 08:10 707802136                  /nix/store/gpxl5qgg8kicmcvivwmybwjlpf7wh20l-graalvm17-ce-22.3.0/lib/libjvmcicompiler.so
7b88b765d000-7b88b7a44000 r--p 01d7f000 08:10 707802136                  /nix/store/gpxl5qgg8kicmcvivwmybwjlpf7wh20l-graalvm17-ce-22.3.0/lib/libjvmcicompiler.so
7b88b7b00000-7b88b7b04000 ---p 00000000 00:00 0 
7b88b7b04000-7b88b7c00000 rw-p 00000000 00:00 0 
7b88b7d00000-7b88b7d04000 ---p 00000000 00:00 0 
7b88b7d04000-7b88b7e00000 rw-p 00000000 00:00 0 
7b88b7f00000-7b88b7f04000 ---p 00000000 00:00 0 
7b88b7f04000-7b88b8000000 rw-p 00000000 00:00 0 
7b88b8100000-7b88b8104000 ---p 00000000 00:00 0 
7b88b8104000-7b88b8200000 rw-p 00000000 00:00 0 
7b88b8300000-7b88b8304000 ---p 00000000 00:00 0 
7b88b8304000-7b88b8400000 rw-p 00000000 00:00 0 
7b88b8500000-7b88b8504000 ---p 00000000 00:00 0 
7b88b8504000-7b88b8600000 rw-p 00000000 00:00 0 
7b88b8700000-7b88b8704000 ---p 00000000 00:00 0 
7b88b8704000-7b88b8800000 rw-p 00000000 00:00 0 
7b88b8900000-7b88b8904000 ---p 00000000 00:00 0 
7b88b8904000-7b88b8a00000 rw-p 00000000 00:00 0 
7b88b9668000-7b88b9b00000 rw-p 00000000 00:00 0 
7b88b9c00000-7b88bbd6a000 r-xp 00000000 08:10 707802136                  /nix/store/gpxl5qgg8kicmcvivwmybwjlpf7wh20l-graalvm17-ce-22.3.0/lib/libjvmcicompiler.so
7b88bbd6a000-7b88bbf69000 ---p 0216a000 08:10 707802136                  /nix/store/gpxl5qgg8kicmcvivwmybwjlpf7wh20l-graalvm17-ce-22.3.0/lib/libjvmcicompiler.so
7b88bbf69000-7b88bbf6a000 r--p 02169000 08:10 707802136                  /nix/store/gpxl5qgg8kicmcvivwmybwjlpf7wh20l-graalvm17-ce-22.3.0/lib/libjvmcicompiler.so
7b88bbf6a000-7b88bbf6c000 rw-p 0216a000 08:10 707802136                  /nix/store/gpxl5qgg8kicmcvivwmybwjlpf7wh20l-graalvm17-ce-22.3.0/lib/libjvmcicompiler.so
7b88bbf6c000-7b88bbf6d000 rw-p 00000000 00:00 0 
7b88bbf6d000-7b88bbf72000 rw-p 023c3000 08:10 707802136                  /nix/store/gpxl5qgg8kicmcvivwmybwjlpf7wh20l-graalvm17-ce-22.3.0/lib/libjvmcicompiler.so
7b88bc000000-7b88bc021000 rw-p 00000000 00:00 0 
7b88bc021000-7b88c0000000 ---p 00000000 00:00 0 
7b88c0000000-7b88c0021000 rw-p 00000000 00:00 0 
7b88c0021000-7b88c4000000 ---p 00000000 00:00 0 
7b88c4000000-7b88c4021000 rw-p 00000000 00:00 0 
7b88c4021000-7b88c8000000 ---p 00000000 00:00 0 
7b88c8000000-7b88c8021000 rw-p 00000000 00:00 0 
7b88c8021000-7b88cc000000 ---p 00000000 00:00 0 
7b88cc000000-7b88cc0c7000 rw-p 00000000 00:00 0 
7b88cc0c7000-7b88d0000000 ---p 00000000 00:00 0 
7b88d0000000-7b88d0a37000 rw-p 00000000 00:00 0 
7b88d0a37000-7b88d4000000 ---p 00000000 00:00 0 
7b88d4000000-7b88d4021000 rw-p 00000000 00:00 0 
7b88d4021000-7b88d8000000 ---p 00000000 00:00 0 
7b88d8000000-7b88d8021000 rw-p 00000000 00:00 0 
7b88d8021000-7b88dc000000 ---p 00000000 00:00 0 
7b88dc000000-7b88dc021000 rw-p 00000000 00:00 0 
7b88dc021000-7b88e0000000 ---p 00000000 00:00 0 
7b88e0000000-7b88e0021000 rw-p 00000000 00:00 0 
7b88e0021000-7b88e4000000 ---p 00000000 00:00 0 
7b88e4000000-7b88e4021000 rw-p 00000000 00:00 0 
7b88e4021000-7b88e8000000 ---p 00000000 00:00 0 
7b88e8000000-7b88e8021000 rw-p 00000000 00:00 0 
7b88e8021000-7b88ec000000 ---p 00000000 00:00 0 
7b88ec000000-7b88ec068000 rw-p 00000000 00:00 0 
7b88ec068000-7b88f0000000 ---p 00000000 00:00 0 
7b88f0100000-7b88f0104000 ---p 00000000 00:00 0 
7b88f0104000-7b88f0200000 rw-p 00000000 00:00 0 
7b88f0300000-7b88f0304000 ---p 00000000 00:00 0 
7b88f0304000-7b88f0400000 rw-p 00000000 00:00 0 
7b88f0500000-7b88f0504000 ---p 00000000 00:00 0 
7b88f0504000-7b88f0600000 rw-p 00000000 00:00 0 
7b88f0700000-7b88f0704000 ---p 00000000 00:00 0 
7b88f0704000-7b88f0800000 rw-p 00000000 00:00 0 
7b88f0900000-7b88f0904000 ---p 00000000 00:00 0 
7b88f0904000-7b88f0a00000 rw-p 00000000 00:00 0 
7b88f0b00000-7b88f0b04000 ---p 00000000 00:00 0 
7b88f0b04000-7b88f0c00000 rw-p 00000000 00:00 0 
7b88f0c00000-7b88f0c04000 ---p 00000000 00:00 0 
7b88f0c04000-7b88f0d00000 rw-p 00000000 00:00 0 
7b88f0d00000-7b88f0d04000 ---p 00000000 00:00 0 
7b88f0d04000-7b88f0e00000 rw-p 00000000 00:00 0 
7b88f0e18000-7b88f0e1c000 ---p 00000000 00:00 0 
7b88f0e1c000-7b88f0f18000 rw-p 00000000 00:00 0 
7b88f0f18000-7b88f0f19000 ---p 00000000 00:00 0 
7b88f0f19000-7b88f101a000 rw-p 00000000 00:00 0 
7b88f101a000-7b88f101e000 ---p 00000000 00:00 0 
7b88f101e000-7b88f111a000 rw-p 00000000 00:00 0 
7b88f111a000-7b88f111e000 ---p 00000000 00:00 0 
7b88f111e000-7b88f121a000 rw-p 00000000 00:00 0 
7b88f121a000-7b88f121e000 ---p 00000000 00:00 0 
7b88f121e000-7b88f131a000 rw-p 00000000 00:00 0 
7b88f131a000-7b88f131e000 ---p 00000000 00:00 0 
7b88f131e000-7b88f151a000 rw-p 00000000 00:00 0 
7b88f151a000-7b88f151e000 ---p 00000000 00:00 0 
7b88f151e000-7b88f171a000 rw-p 00000000 00:00 0 
7b88f171a000-7b88f171e000 ---p 00000000 00:00 0 
7b88f171e000-7b88f181a000 rw-p 00000000 00:00 0 
7b88f181a000-7b88f181e000 ---p 00000000 00:00 0 
7b88f181e000-7b88f191a000 rw-p 00000000 00:00 0 
7b88f191a000-7b88f1c00000 r--p 00000000 08:01 2602609                    /usr/lib/locale/locale-archive
7b88f1c00000-7b88f1ff0000 rw-p 00000000 00:00 0 
7b88f1ff0000-7b88f22f0000 rw-p 00000000 00:00 0 
7b88f22f0000-7b88f2400000 rw-p 00000000 00:00 0 
7b88f24b3000-7b88f34b3000 rw-p 00000000 00:00 0 
7b88f34b3000-7b88f3723000 rwxp 00000000 00:00 0 
7b88f3723000-7b88f3a42000 ---p 00000000 00:00 0 
7b88f3a42000-7b88f4922000 rwxp 00000000 00:00 0 
7b88f4922000-7b88faf7a000 ---p 00000000 00:00 0 
7b88faf7a000-7b88fb1ea000 rwxp 00000000 00:00 0 
7b88fb1ea000-7b89024b3000 ---p 00000000 00:00 0 
7b89024b3000-7b890c000000 r--s 00000000 08:10 707804677                  /nix/store/gpxl5qgg8kicmcvivwmybwjlpf7wh20l-graalvm17-ce-22.3.0/lib/modules
7b890c000000-7b890c401000 rw-p 00000000 00:00 0 
7b890c401000-7b8910000000 ---p 00000000 00:00 0 
7b8910042000-7b8910046000 ---p 00000000 00:00 0 
7b8910046000-7b8910064000 rw-p 00000000 00:00 0 
7b8910064000-7b891006b000 r-xp 00000000 08:10 707804676                  /nix/store/gpxl5qgg8kicmcvivwmybwjlpf7wh20l-graalvm17-ce-22.3.0/lib/libzip.so
7b891006b000-7b891006c000 ---p 00007000 08:10 707804676                  /nix/store/gpxl5qgg8kicmcvivwmybwjlpf7wh20l-graalvm17-ce-22.3.0/lib/libzip.so
7b891006c000-7b891006d000 r--p 00007000 08:10 707804676                  /nix/store/gpxl5qgg8kicmcvivwmybwjlpf7wh20l-graalvm17-ce-22.3.0/lib/libzip.so
7b891006d000-7b891006e000 rw-p 00008000 08:10 707804676                  /nix/store/gpxl5qgg8kicmcvivwmybwjlpf7wh20l-graalvm17-ce-22.3.0/lib/libzip.so
7b891006e000-7b8910070000 rw-p 0000b000 08:10 707804676                  /nix/store/gpxl5qgg8kicmcvivwmybwjlpf7wh20l-graalvm17-ce-22.3.0/lib/libzip.so
7b8910070000-7b8910085000 r-xp 00000000 08:10 707804666                  /nix/store/gpxl5qgg8kicmcvivwmybwjlpf7wh20l-graalvm17-ce-22.3.0/lib/libnet.so
7b8910085000-7b8910086000 ---p 00015000 08:10 707804666                  /nix/store/gpxl5qgg8kicmcvivwmybwjlpf7wh20l-graalvm17-ce-22.3.0/lib/libnet.so
7b8910086000-7b8910087000 r--p 00015000 08:10 707804666                  /nix/store/gpxl5qgg8kicmcvivwmybwjlpf7wh20l-graalvm17-ce-22.3.0/lib/libnet.so
7b8910087000-7b8910088000 rw-p 00016000 08:10 707804666                  /nix/store/gpxl5qgg8kicmcvivwmybwjlpf7wh20l-graalvm17-ce-22.3.0/lib/libnet.so
7b8910088000-7b891008b000 rw-p 0001b000 08:10 707804666                  /nix/store/gpxl5qgg8kicmcvivwmybwjlpf7wh20l-graalvm17-ce-22.3.0/lib/libnet.so
7b891008b000-7b891009e000 r-xp 00000000 08:10 707804667                  /nix/store/gpxl5qgg8kicmcvivwmybwjlpf7wh20l-graalvm17-ce-22.3.0/lib/libnio.so
7b891009e000-7b891009f000 r--p 00012000 08:10 707804667                  /nix/store/gpxl5qgg8kicmcvivwmybwjlpf7wh20l-graalvm17-ce-22.3.0/lib/libnio.so
7b891009f000-7b89100a0000 rw-p 00013000 08:10 707804667                  /nix/store/gpxl5qgg8kicmcvivwmybwjlpf7wh20l-graalvm17-ce-22.3.0/lib/libnio.so
7b89100a0000-7b89100a5000 rw-p 00019000 08:10 707804667                  /nix/store/gpxl5qgg8kicmcvivwmybwjlpf7wh20l-graalvm17-ce-22.3.0/lib/libnio.so
7b89100a5000-7b89100a9000 ---p 00000000 00:00 0 
7b89100a9000-7b89101a5000 rw-p 00000000 00:00 0 
7b89101a5000-7b89101a9000 ---p 00000000 00:00 0 
7b89101a9000-7b89102a5000 rw-p 00000000 00:00 0 
7b89102a5000-7b89102a9000 ---p 00000000 00:00 0 
7b89102a9000-7b89103a5000 rw-p 00000000 00:00 0 
7b89103a5000-7b89103a6000 ---p 00000000 00:00 0 
7b89103a6000-7b89104a7000 rw-p 00000000 00:00 0 
7b89104a7000-7b8910575000 r-xp 00000000 08:10 707802132                  /nix/store/gpxl5qgg8kicmcvivwmybwjlpf7wh20l-graalvm17-ce-22.3.0/lib/libjsvml.so
7b8910575000-7b8910576000 r--p 000cd000 08:10 707802132                  /nix/store/gpxl5qgg8kicmcvivwmybwjlpf7wh20l-graalvm17-ce-22.3.0/lib/libjsvml.so
7b8910576000-7b8910577000 rw-p 000ce000 08:10 707802132                  /nix/store/gpxl5qgg8kicmcvivwmybwjlpf7wh20l-graalvm17-ce-22.3.0/lib/libjsvml.so
7b8910577000-7b8910e4f000 rw-p 00000000 00:00 0 
7b8910e4f000-7b8910e50000 ---p 00000000 00:00 0 
7b8910e50000-7b8910ff0000 rw-p 00000000 00:00 0 
7b8910ff0000-7b8911039000 rw-p 00000000 00:00 0 
7b8911039000-7b8911051000 ---p 00000000 00:00 0 
7b8911051000-7b8911057000 rw-p 00000000 00:00 0 
7b8911057000-7b891113d000 ---p 00000000 00:00 0 
7b891113d000-7b891115b000 rw-p 00000000 00:00 0 
7b891115b000-7b8911228000 ---p 00000000 00:00 0 
7b8911228000-7b891122d000 rw-p 00000000 00:00 0 
7b891122d000-7b8911234000 ---p 00000000 00:00 0 
7b8911234000-7b8911258000 r-xp 00000000 08:10 707802124                  /nix/store/gpxl5qgg8kicmcvivwmybwjlpf7wh20l-graalvm17-ce-22.3.0/lib/libjava.so
7b8911258000-7b8911259000 ---p 00024000 08:10 707802124                  /nix/store/gpxl5qgg8kicmcvivwmybwjlpf7wh20l-graalvm17-ce-22.3.0/lib/libjava.so
7b8911259000-7b891125a000 r--p 00024000 08:10 707802124                  /nix/store/gpxl5qgg8kicmcvivwmybwjlpf7wh20l-graalvm17-ce-22.3.0/lib/libjava.so
7b891125a000-7b891125b000 rw-p 00025000 08:10 707802124                  /nix/store/gpxl5qgg8kicmcvivwmybwjlpf7wh20l-graalvm17-ce-22.3.0/lib/libjava.so
7b891125b000-7b891125c000 rw-p 00000000 00:00 0 
7b891125c000-7b8911263000 rw-p 0002f000 08:10 707802124                  /nix/store/gpxl5qgg8kicmcvivwmybwjlpf7wh20l-graalvm17-ce-22.3.0/lib/libjava.so
7b8911263000-7b891126b000 rw-s 00000000 00:100e 377                      /tmp/hsperfdata_runner/51
7b891126b000-7b891126c000 ---p 00000000 00:00 0 
7b891126c000-7b891126d000 r--p 00000000 00:00 0 
7b891126d000-7b891126e000 rwxp 00000000 00:00 0 
7b891126e000-7b8911289000 r-xp 00000000 08:10 707802128                  /nix/store/gpxl5qgg8kicmcvivwmybwjlpf7wh20l-graalvm17-ce-22.3.0/lib/libjimage.so
7b8911289000-7b891128a000 ---p 0001b000 08:10 707802128                  /nix/store/gpxl5qgg8kicmcvivwmybwjlpf7wh20l-graalvm17-ce-22.3.0/lib/libjimage.so
7b891128a000-7b891128c000 r--p 0001b000 08:10 707802128                  /nix/store/gpxl5qgg8kicmcvivwmybwjlpf7wh20l-graalvm17-ce-22.3.0/lib/libjimage.so
7b891128c000-7b891128d000 rw-p 0001d000 08:10 707802128                  /nix/store/gpxl5qgg8kicmcvivwmybwjlpf7wh20l-graalvm17-ce-22.3.0/lib/libjimage.so
7b891128d000-7b891128e000 rw-p 00024000 08:10 707802128                  /nix/store/gpxl5qgg8kicmcvivwmybwjlpf7wh20l-graalvm17-ce-22.3.0/lib/libjimage.so
7b891128e000-7b8911292000 ---p 00000000 00:00 0 
7b8911292000-7b891138e000 rw-p 00000000 00:00 0 
7b891138e000-7b891139c000 r--p 00000000 08:10 600592023                  /nix/store/4nlgxhb09sdr51nc9hdm8az5b08vzkgx-glibc-2.35-163/lib/libm.so.6
7b891139c000-7b891140f000 r-xp 0000e000 08:10 600592023                  /nix/store/4nlgxhb09sdr51nc9hdm8az5b08vzkgx-glibc-2.35-163/lib/libm.so.6
7b891140f000-7b891146c000 r--p 00081000 08:10 600592023                  /nix/store/4nlgxhb09sdr51nc9hdm8az5b08vzkgx-glibc-2.35-163/lib/libm.so.6
7b891146c000-7b891146d000 r--p 000dd000 08:10 600592023                  /nix/store/4nlgxhb09sdr51nc9hdm8az5b08vzkgx-glibc-2.35-163/lib/libm.so.6
7b891146d000-7b891146e000 rw-p 000de000 08:10 600592023                  /nix/store/4nlgxhb09sdr51nc9hdm8az5b08vzkgx-glibc-2.35-163/lib/libm.so.6
7b891146e000-7b891146f000 r--p 00000000 08:10 600592042                  /nix/store/4nlgxhb09sdr51nc9hdm8az5b08vzkgx-glibc-2.35-163/lib/librt.so.1
7b891146f000-7b8911470000 r-xp 00001000 08:10 600592042                  /nix/store/4nlgxhb09sdr51nc9hdm8az5b08vzkgx-glibc-2.35-163/lib/librt.so.1
7b8911470000-7b8911471000 r--p 00002000 08:10 600592042                  /nix/store/4nlgxhb09sdr51nc9hdm8az5b08vzkgx-glibc-2.35-163/lib/librt.so.1
7b8911471000-7b8911472000 r--p 00002000 08:10 600592042                  /nix/store/4nlgxhb09sdr51nc9hdm8az5b08vzkgx-glibc-2.35-163/lib/librt.so.1
7b8911472000-7b8911473000 rw-p 00003000 08:10 600592042                  /nix/store/4nlgxhb09sdr51nc9hdm8az5b08vzkgx-glibc-2.35-163/lib/librt.so.1
7b8911473000-7b8912586000 r-xp 00000000 08:10 707972962                  /nix/store/gpxl5qgg8kicmcvivwmybwjlpf7wh20l-graalvm17-ce-22.3.0/lib/server/libjvm.so
7b8912586000-7b8912587000 ---p 01113000 08:10 707972962                  /nix/store/gpxl5qgg8kicmcvivwmybwjlpf7wh20l-graalvm17-ce-22.3.0/lib/server/libjvm.so
7b8912587000-7b891263c000 r--p 01113000 08:10 707972962                  /nix/store/gpxl5qgg8kicmcvivwmybwjlpf7wh20l-graalvm17-ce-22.3.0/lib/server/libjvm.so
7b891263c000-7b8912670000 rw-p 011c8000 08:10 707972962                  /nix/store/gpxl5qgg8kicmcvivwmybwjlpf7wh20l-graalvm17-ce-22.3.0/lib/server/libjvm.so
7b8912670000-7b89126cc000 rw-p 00000000 00:00 0 
7b89126cc000-7b89126f4000 r--p 00000000 08:10 600592014                  /nix/store/4nlgxhb09sdr51nc9hdm8az5b08vzkgx-glibc-2.35-163/lib/libc.so.6
7b89126f4000-7b891286a000 r-xp 00028000 08:10 600592014                  /nix/store/4nlgxhb09sdr51nc9hdm8az5b08vzkgx-glibc-2.35-163/lib/libc.so.6
7b891286a000-7b89128c2000 r--p 0019e000 08:10 600592014                  /nix/store/4nlgxhb09sdr51nc9hdm8az5b08vzkgx-glibc-2.35-163/lib/libc.so.6
7b89128c2000-7b89128c6000 r--p 001f6000 08:10 600592014                  /nix/store/4nlgxhb09sdr51nc9hdm8az5b08vzkgx-glibc-2.35-163/lib/libc.so.6
7b89128c6000-7b89128c8000 rw-p 001fa000 08:10 600592014                  /nix/store/4nlgxhb09sdr51nc9hdm8az5b08vzkgx-glibc-2.35-163/lib/libc.so.6
7b89128c8000-7b89128d7000 rw-p 00000000 00:00 0 
7b89128d7000-7b89128d8000 r--p 00000000 08:10 600592019                  /nix/store/4nlgxhb09sdr51nc9hdm8az5b08vzkgx-glibc-2.35-163/lib/libdl.so.2
7b89128d8000-7b89128d9000 r-xp 00001000 08:10 600592019                  /nix/store/4nlgxhb09sdr51nc9hdm8az5b08vzkgx-glibc-2.35-163/lib/libdl.so.2
7b89128d9000-7b89128da000 r--p 00002000 08:10 600592019                  /nix/store/4nlgxhb09sdr51nc9hdm8az5b08vzkgx-glibc-2.35-163/lib/libdl.so.2
7b89128da000-7b89128db000 r--p 00002000 08:10 600592019                  /nix/store/4nlgxhb09sdr51nc9hdm8az5b08vzkgx-glibc-2.35-163/lib/libdl.so.2
7b89128db000-7b89128dc000 rw-p 00003000 08:10 600592019                  /nix/store/4nlgxhb09sdr51nc9hdm8az5b08vzkgx-glibc-2.35-163/lib/libdl.so.2
7b89128dc000-7b89128dd000 r--p 00000000 08:10 600592038                  /nix/store/4nlgxhb09sdr51nc9hdm8az5b08vzkgx-glibc-2.35-163/lib/libpthread.so.0
7b89128dd000-7b89128de000 r-xp 00001000 08:10 600592038                  /nix/store/4nlgxhb09sdr51nc9hdm8az5b08vzkgx-glibc-2.35-163/lib/libpthread.so.0
7b89128de000-7b89128df000 r--p 00002000 08:10 600592038                  /nix/store/4nlgxhb09sdr51nc9hdm8az5b08vzkgx-glibc-2.35-163/lib/libpthread.so.0
7b89128df000-7b89128e0000 r--p 00002000 08:10 600592038                  /nix/store/4nlgxhb09sdr51nc9hdm8az5b08vzkgx-glibc-2.35-163/lib/libpthread.so.0
7b89128e0000-7b89128e1000 rw-p 00003000 08:10 600592038                  /nix/store/4nlgxhb09sdr51nc9hdm8az5b08vzkgx-glibc-2.35-163/lib/libpthread.so.0
7b89128e1000-7b89128ef000 r-xp 00000000 08:10 707802129                  /nix/store/gpxl5qgg8kicmcvivwmybwjlpf7wh20l-graalvm17-ce-22.3.0/lib/libjli.so
7b89128ef000-7b89128f0000 ---p 0000e000 08:10 707802129                  /nix/store/gpxl5qgg8kicmcvivwmybwjlpf7wh20l-graalvm17-ce-22.3.0/lib/libjli.so
7b89128f0000-7b89128f1000 r--p 0000e000 08:10 707802129                  /nix/store/gpxl5qgg8kicmcvivwmybwjlpf7wh20l-graalvm17-ce-22.3.0/lib/libjli.so
7b89128f1000-7b89128f2000 rw-p 0000f000 08:10 707802129                  /nix/store/gpxl5qgg8kicmcvivwmybwjlpf7wh20l-graalvm17-ce-22.3.0/lib/libjli.so
7b89128f2000-7b89128f3000 rw-p 00012000 08:10 707802129                  /nix/store/gpxl5qgg8kicmcvivwmybwjlpf7wh20l-graalvm17-ce-22.3.0/lib/libjli.so
7b89128f3000-7b89128f6000 r--p 00000000 08:10 678822167                  /nix/store/026hln0aq1hyshaxsdvhg0kmcm6yf45r-zlib-1.2.13/lib/libz.so.1.2.13
7b89128f6000-7b8912908000 r-xp 00003000 08:10 678822167                  /nix/store/026hln0aq1hyshaxsdvhg0kmcm6yf45r-zlib-1.2.13/lib/libz.so.1.2.13
7b8912908000-7b891290f000 r--p 00015000 08:10 678822167                  /nix/store/026hln0aq1hyshaxsdvhg0kmcm6yf45r-zlib-1.2.13/lib/libz.so.1.2.13
7b891290f000-7b8912910000 r--p 0001b000 08:10 678822167                  /nix/store/026hln0aq1hyshaxsdvhg0kmcm6yf45r-zlib-1.2.13/lib/libz.so.1.2.13
7b8912910000-7b8912911000 rw-p 0001c000 08:10 678822167                  /nix/store/026hln0aq1hyshaxsdvhg0kmcm6yf45r-zlib-1.2.13/lib/libz.so.1.2.13
7b8912911000-7b8912913000 rw-p 00000000 00:00 0 
7b8912913000-7b8912915000 r--p 00000000 08:10 600592008                  /nix/store/4nlgxhb09sdr51nc9hdm8az5b08vzkgx-glibc-2.35-163/lib/ld-linux-x86-64.so.2
7b8912915000-7b891293c000 r-xp 00002000 08:10 600592008                  /nix/store/4nlgxhb09sdr51nc9hdm8az5b08vzkgx-glibc-2.35-163/lib/ld-linux-x86-64.so.2
7b891293c000-7b8912948000 r--p 00029000 08:10 600592008                  /nix/store/4nlgxhb09sdr51nc9hdm8az5b08vzkgx-glibc-2.35-163/lib/ld-linux-x86-64.so.2
7b8912948000-7b891294a000 r--p 00034000 08:10 600592008                  /nix/store/4nlgxhb09sdr51nc9hdm8az5b08vzkgx-glibc-2.35-163/lib/ld-linux-x86-64.so.2
7b891294a000-7b891294c000 rw-p 00036000 08:10 600592008                  /nix/store/4nlgxhb09sdr51nc9hdm8az5b08vzkgx-glibc-2.35-163/lib/ld-linux-x86-64.so.2
7ffee078a000-7ffee07ae000 rw-p 00000000 00:00 0                          [stack]
7ffee07d2000-7ffee07d6000 r--p 00000000 00:00 0                          [vvar]
7ffee07d6000-7ffee07d8000 r-xp 00000000 00:00 0                          [vdso]
ffffffffff600000-ffffffffff601000 --xp 00000000 00:00 0                  [vsyscall]


VM Arguments:
jvm_args: -XX:ThreadPriorityPolicy=1 -XX:+UnlockExperimentalVMOptions -XX:+EnableJVMCIProduct -XX:JVMCIThreadsPerNativeLibraryRuntime=1 -XX:-UnlockExperimentalVMOptions -Declipse.application=org.eclipse.jdt.ls.core.id1 -Dosgi.bundles.defaultStartLevel=4 -Declipse.product=org.eclipse.jdt.ls.core.product -Dlog.level=ALL -Xverify:none -XX:+UseParallelGC -XX:GCTimeRatio=4 -XX:AdaptiveSizePolicyWeight=90 -Dsun.zip.disableMemoryMapping=true -Xmx512m -Xms100m 
java_command: /nix/store/q9712qvwdh22a4krw4jz2sjrz07mvjbl-jdt-language-server-1.9.0/share/java/plugins/org.eclipse.equinox.launcher_1.6.400.v20210924-0641.jar --add-modules=ALL-SYSTEM --add-opens java.base/java.util=ALL-UNNAMED --add-opens java.base/java.lang=ALL-UNNAMED -configuration /home/runner/CSC330-Final-Project-DnD/.cache/jdt-language-server/config -data /home/runner/.cache/jdt-language-server/data/home/runner/CSC330-Final-Project-DnD
java_class_path (initial): /nix/store/q9712qvwdh22a4krw4jz2sjrz07mvjbl-jdt-language-server-1.9.0/share/java/plugins/org.eclipse.equinox.launcher_1.6.400.v20210924-0641.jar
Launcher Type: SUN_STANDARD

[Global flags]
    uintx AdaptiveSizePolicyWeight                 = 90                                        {product} {command line}
     intx CICompilerCount                          = 2                                         {product} {ergonomic}
     bool EnableJVMCIProduct                       = true                                {JVMCI product} {jimage}
    uintx GCTimeRatio                              = 4                                         {product} {command line}
   size_t InitialHeapSize                          = 104857600                                 {product} {command line}
     uint JVMCIThreadsPerNativeLibraryRuntime      = 1                                   {JVMCI product} {jimage}
   size_t MaxHeapSize                              = 536870912                                 {product} {command line}
   size_t MaxNewSize                               = 178782208                                 {product} {ergonomic}
   size_t MinHeapDeltaBytes                        = 524288                                    {product} {ergonomic}
   size_t MinHeapSize                              = 104857600                                 {product} {command line}
   size_t NewSize                                  = 34603008                                  {product} {ergonomic}
    uintx NonNMethodCodeHeapSize                   = 5826188                                {pd product} {ergonomic}
    uintx NonProfiledCodeHeapSize                  = 122916026                              {pd product} {ergonomic}
   size_t OldSize                                  = 70254592                                  {product} {ergonomic}
    uintx ProfiledCodeHeapSize                     = 122916026                              {pd product} {ergonomic}
    uintx ReservedCodeCacheSize                    = 251658240                              {pd product} {ergonomic}
     bool SegmentedCodeCache                       = true                                      {product} {ergonomic}
   size_t SoftMaxHeapSize                          = 536870912                              {manageable} {ergonomic}
     intx ThreadPriorityPolicy                     = 1                                         {product} {jimage}
     bool UseCompressedClassPointers               = true                           {product lp64_product} {ergonomic}
     bool UseCompressedOops                        = true                           {product lp64_product} {ergonomic}
     bool UseParallelGC                            = true                                      {product} {command line}

Logging:
Log output configuration:
 #0: stdout all=warning uptime,level,tags
 #1: stderr all=off uptime,level,tags

Environment Variables:
JAVA_HOME=/nix/store/gpxl5qgg8kicmcvivwmybwjlpf7wh20l-graalvm17-ce-22.3.0
PATH=/nix/store/1d6ian3r8kdzspw8hacjhl3xkp40g1lj-binutils-wrapper-2.39/bin:/nix/store/dq0xwmsk1g0i2ayg6pb7y87na2knzylh-gcc-wrapper-11.3.0/bin:/nix/store/bap4d0lpcrhpwmpb8ayjcgkmvfj62lnq-bash-interactive-5.1-p16/bin:/nix/store/pr5n59mb4jzmfx6kanwxly0l07p861fg-patchelf-0.15.0/bin:/nix/store/1gf2flfqnpqbr1b4p4qz2f72y42bs56r-gcc-11.3.0/bin:/nix/store/57xv61c5zi8pphjbcwxxjlgc34p61ic9-glibc-2.35-163-bin/bin:/nix/store/a7gvj343m05j2s32xcnwr35v31ynlypr-coreutils-9.1/bin:/nix/store/039g378vc3pc3dvi9dzdlrd0i4q93qwf-binutils-2.39/bin:/nix/store/gpxl5qgg8kicmcvivwmybwjlpf7wh20l-graalvm17-ce-22.3.0/bin:/nix/store/6z9ag3ihc8mq2hzsw48lhbznvzny65nz-apache-maven-3.8.6/bin:/nix/store/q9712qvwdh22a4krw4jz2sjrz07mvjbl-jdt-language-server-1.9.0/bin:/nix/store/9zdrgm97n766nc0kj11x4xvvp00qlfk9-java-debug/bin:/nix/store/18y8p4mjwjy26npih04hfv48wz9czgk3-attr-2.5.1-bin/bin:/nix/store/q8s1kzhsblr2a1p2g0lh2dkcgca1im3z-libcap-2.66/bin:/nix/store/bvihhgw8bh6cqqlj0d4s8cvmm4mqmzfc-pulseaudio-16.1/bin:/nix/store/mydc6f4k2z73xlcz7ilif3v2lcaiqvza-findutils-4.9.0/bin:/nix/store/j9p3g8472iijd50vhdprx0nmk2fqn5gv-diffutils-3.8/bin:/nix/store/89zs7rms6x00xfq4dq6m7mjnhkr8a6r4-gnused-4.8/bin:/nix/store/86bp03jkmsl6f92w0yzg4s59g5mhxwmy-gnugrep-3.7/bin:/nix/store/hwcdqw4jrjnd37wxqgsd47hd0j8bnj09-gawk-5.1.1/bin:/nix/store/cfbhw8r8ags41vwqaz47r583d0p4h4a1-gnutar-1.34/bin:/nix/store/p3m1ndl1lapwrlh698bnb5lvvxh67378-gzip-1.12/bin:/nix/store/a8mhcagrsly7c7mpjrpsnaahk4aax056-bzip2-1.0.8-bin/bin:/nix/store/mblgz65m3zv9x548a3d5m96fj2pbwr09-gnumake-4.3/bin:/nix/store/dsd5gz46hdbdk2rfdimqddhq6m8m8fqs-bash-5.1-p16/bin:/nix/store/v7ljksji50mg3w61dykaa3n3y79n6nil-patch-2.7.6/bin:/nix/store/zlcnmqq14jz5x9439jf937mvayyl63da-xz-5.2.7-bin/bin:/nix/store/y6aj732zm9m87c82fpvf103a1xb22blp-file-5.43/bin:/nix/store/q41n90d6vc61igp3rzgwk8k6pys6n74z-pid1/bin:/nix/store/36ppppq2qfwa1y359b8iav43yq42ksih-replit-runtime-path/bin:/home/runner/.nix-profile/bin:/home/runner/.local/bin:/usr/local/sbin:/usr/local/bin:/usr/sbin:/usr/bin:/sbin:/b
LD_LIBRARY_PATH=/nix/store/a4pff549sk2idnkpzk5nsfps3mdkdnvm-cups-2.4.2-lib/lib:/nix/store/72mqxxhh3cy5yifh92wh2yb8cl2hikyy-cairo-1.16.0/lib:/nix/store/2k366jrbsra97gjfxwvrhvixjfxdach5-glib-2.74.1/lib:/nix/store/2j2znigd8ak37rlwh9khz0ry3clqlw1l-gtk+3-3.24.34/lib
DISPLAY=:0
LANG=en_US.UTF-8

Signal Handlers:
   SIGSEGV: crash_handler in libjvm.so, mask=11100100010111111101111111111110, flags=SA_RESTART|SA_SIGINFO
    SIGBUS: crash_handler in libjvm.so, mask=11100100010111111101111111111110, flags=SA_RESTART|SA_SIGINFO
    SIGFPE: crash_handler in libjvm.so, mask=11100100010111111101111111111110, flags=SA_RESTART|SA_SIGINFO
   SIGPIPE: IsolateEnterStub_IgnoreSIGPIPEStartupHook_noopSignalHandler_8f19bff2f35b5f630d83b364d6b2339320d4ec70_216e8361c6bc87a8f89f58cc10d3b2fd4415bf87 in libjvmcicompiler.so, mask=00000000000000000000000000000000, flags=SA_RESTART
  *** Handler was modified!
  *** Expected: javaSignalHandler in libjvm.so, mask=11100100110111111111111111111110, flags=SA_RESTART|SA_SIGINFO
   SIGXFSZ: javaSignalHandler in libjvm.so, mask=11100100010111111101111111111110, flags=SA_RESTART|SA_SIGINFO
    SIGILL: crash_handler in libjvm.so, mask=11100100010111111101111111111110, flags=SA_RESTART|SA_SIGINFO
   SIGUSR2: SR_handler in libjvm.so, mask=00000000000000000000000000000000, flags=SA_RESTART|SA_SIGINFO
    SIGHUP: UserHandler in libjvm.so, mask=11100100010111111101111111111110, flags=SA_RESTART|SA_SIGINFO
    SIGINT: UserHandler in libjvm.so, mask=11100100010111111101111111111110, flags=SA_RESTART|SA_SIGINFO
   SIGTERM: UserHandler in libjvm.so, mask=11100100010111111101111111111110, flags=SA_RESTART|SA_SIGINFO
   SIGQUIT: UserHandler in libjvm.so, mask=11100100010111111101111111111110, flags=SA_RESTART|SA_SIGINFO
  *** Handler was modified!
  *** Expected: javaSignalHandler in libjvm.so, mask=11100100110111111111111111111110, flags=SA_RESTART|SA_SIGINFO
   SIGTRAP: crash_handler in libjvm.so, mask=11100100010111111101111111111110, flags=SA_RESTART|SA_SIGINFO


---------------  S Y S T E M  ---------------

OS:
DISTRIB_ID=Ubuntu
DISTRIB_RELEASE=20.04
DISTRIB_CODENAME=focal
DISTRIB_DESCRIPTION="Ubuntu 20.04.2 LTS"
uname: Linux 6.5.0-1018-gcp #18~22.04.1-Ubuntu SMP Fri Apr  5 04:57:38 UTC 2024 x86_64
OS uptime: 0 days 7:13 hours
libc: glibc 2.35 NPTL 2.35 
rlimit (soft/hard): STACK 8192k/infinity , CORE infinity/infinity , NPROC infinity/infinity , NOFILE 5242/5242 , AS infinity/infinity , CPU infinity/infinity , DATA infinity/infinity , FSIZE infinity/infinity , MEMLOCK 8192k/8192k
load average: 8.99 10.13 11.06

/proc/meminfo:
MemTotal:       65835400 kB
MemFree:        25508548 kB
MemAvailable:   34990652 kB
Buffers:          230748 kB
Cached:          8621768 kB
SwapCached:            0 kB
Active:         22306032 kB
Inactive:       15203144 kB
Active(anon):   19886272 kB
Inactive(anon):  8520232 kB
Active(file):    2419760 kB
Inactive(file):  6682912 kB
Unevictable:       28668 kB
Mlocked:           28668 kB
SwapTotal:             0 kB
SwapFree:              0 kB
Zswap:                 0 kB
Zswapped:              0 kB
Dirty:             46892 kB
Writeback:            12 kB
AnonPages:      28624460 kB
Mapped:          2367348 kB
Shmem:            163592 kB
KReclaimable:    1105884 kB
Slab:            1788036 kB
SReclaimable:    1105884 kB
SUnreclaim:       682152 kB
KernelStack:      192640 kB
PageTables:       404328 kB
SecPageTables:         0 kB
NFS_Unstable:          0 kB
Bounce:                0 kB
WritebackTmp:          0 kB
CommitLimit:    32917700 kB
Committed_AS:   81330936 kB
VmallocTotal:   34359738367 kB
VmallocUsed:      223776 kB
VmallocChunk:          0 kB
Percpu:            51872 kB
HardwareCorrupted:     0 kB
AnonHugePages:    534528 kB
ShmemHugePages:        0 kB
ShmemPmdMapped:        0 kB
FileHugePages:         0 kB
FilePmdMapped:         0 kB
Unaccepted:            0 kB
HugePages_Total:       0
HugePages_Free:        0
HugePages_Rsvd:        0
HugePages_Surp:        0
Hugepagesize:       2048 kB
Hugetlb:               0 kB
DirectMap4k:      189240 kB
DirectMap2M:    20779008 kB
DirectMap1G:    48234496 kB

/sys/kernel/mm/transparent_hugepage/enabled: always [madvise] never
/sys/kernel/mm/transparent_hugepage/defrag (defrag/compaction efforts parameter): always defer defer+madvise [madvise] never

Process Memory:
Virtual Size: 4382312K (peak: 4468520K)
Resident Set Size: 761000K (peak: 793000K) (anon: 564072K, file: 196928K, shmem: 0K)
Swapped out: 0K
C-Heap outstanding allocations: 38196K, retained: 14187K
glibc malloc tunables: (default)

/proc/sys/kernel/threads-max (system-wide limit on the number of threads): 514277
/proc/sys/vm/max_map_count (maximum number of memory map areas a process may have): 65530
/proc/sys/kernel/pid_max (system-wide limit on number of process identifiers): 4194304

container (cgroup) information:
container_type: cgroupv2
cpu_cpuset_cpus: not supported
cpu_memory_nodes: not supported
active_processor_count: 1
cpu_quota: 50000
cpu_period: 100000
cpu_shares: no shares
memory_limit_in_bytes: 1048576 k
memory_and_swap_limit_in_bytes: unlimited
memory_soft_limit_in_bytes: 524288 k
memory_usage_in_bytes: 604336 k
memory_max_usage_in_bytes: not supported
maximum number of tasks: 1020
current number of tasks: 39

KVM virtualization detected
Steal ticks since vm start: 1266
Steal ticks percentage since vm start:  0.002

CPU: total 8 (initial active 1) (8 cores per cpu, 2 threads per core) family 23 model 49 stepping 0 microcode 0xffffffff, cx8, cmov, fxsr, ht, mmx, 3dnowpref, sse, sse2, sse3, ssse3, sse4a, sse4.1, sse4.2, popcnt, lzcnt, tsc, tscinvbit, avx, avx2, aes, clmul, bmi1, bmi2, adx, sha, fma, vzeroupper, clflush, clflushopt, hv
CPU Model and flags from /proc/cpuinfo:
model name	: AMD EPYC 7B12
flags		: fpu vme de pse tsc msr pae mce cx8 apic sep mtrr pge mca cmov pat pse36 clflush mmx fxsr sse sse2 ht syscall nx mmxext fxsr_opt pdpe1gb rdtscp lm constant_tsc rep_good nopl nonstop_tsc cpuid extd_apicid tsc_known_freq pni pclmulqdq ssse3 fma cx16 sse4_1 sse4_2 x2apic movbe popcnt aes xsave avx f16c rdrand hypervisor lahf_lm cmp_legacy cr8_legacy abm sse4a misalignsse 3dnowprefetch osvw topoext ssbd ibrs ibpb stibp vmmcall fsgsbase tsc_adjust bmi1 avx2 smep bmi2 rdseed adx smap clflushopt clwb sha_ni xsaveopt xsavec xgetbv1 clzero xsaveerptr arat npt nrip_save umip rdpid

Online cpus: 0-7
Offline cpus: 
BIOS frequency limitation: <Not Available>
Frequency switch latency (ns): <Not Available>
Available cpu frequencies: <Not Available>
Current governor: <Not Available>
Core performance/turbo boost: <Not Available>

Memory: 4k page, physical 1048576k(444236k free), swap 0k(0k free)
Page Sizes: 4k

vm_info: OpenJDK 64-Bit Server VM (17.0.5+8-jvmci-22.3-b08) for linux-amd64 JRE (17.0.5+8-jvmci-22.3-b08), built on Oct 19 2022 09:01:27 by "buildslave" with gcc 10.3.0

END.
